You are now connected to database "tpch" as user "postgres".
                                                                         QUERY PLAN                                                                          
-------------------------------------------------------------------------------------------------------------------------------------------------------------
 Finalize GroupAggregate  (cost=57528.16..57629.09 rows=757 width=72) (actual time=1015.685..1035.958 rows=7 loops=1)
   Group Key: ("substring"((customer.c_phone)::text, 1, 2))
   InitPlan 1 (returns $1)
     ->  Finalize Aggregate  (cost=6230.82..6230.84 rows=1 width=32) (actual time=179.222..179.333 rows=1 loops=1)
           ->  Gather  (cost=6230.60..6230.81 rows=2 width=32) (actual time=175.896..179.072 rows=3 loops=1)
                 Workers Planned: 2
                 Workers Launched: 2
                 ->  Partial Aggregate  (cost=5230.60..5230.61 rows=1 width=32) (actual time=161.860..161.861 rows=1 loops=3)
                       ->  Parallel Seq Scan on customer customer_1  (cost=0.00..5225.62 rows=1990 width=6) (actual time=0.081..159.563 rows=12559 loops=3)
                             Filter: ((c_acctbal > 0.00) AND ("substring"((c_phone)::text, 1, 2) = ANY ('{30,17,25,10,22,15,21}'::text[])))
                             Rows Removed by Filter: 37441
   ->  Gather Merge  (cost=51297.32..51378.70 rows=630 width=72) (actual time=1015.542..1035.785 rows=21 loops=1)
         Workers Planned: 2
         Params Evaluated: $1
         Workers Launched: 2
         ->  Partial GroupAggregate  (cost=50297.30..50305.96 rows=315 width=72) (actual time=825.696..826.208 rows=7 loops=3)
               Group Key: ("substring"((customer.c_phone)::text, 1, 2))
               ->  Sort  (cost=50297.30..50298.09 rows=315 width=38) (actual time=825.600..825.729 rows=2094 loops=3)
                     Sort Key: ("substring"((customer.c_phone)::text, 1, 2))
                     Sort Method: quicksort  Memory: 205kB
                     Worker 0:  Sort Method: quicksort  Memory: 136kB
                     Worker 1:  Sort Method: quicksort  Memory: 195kB
                     ->  Parallel Hash Anti Join  (cost=42599.50..50284.23 rows=315 width=38) (actual time=711.890..824.584 rows=2094 loops=3)
                           Hash Cond: (customer.c_custkey = orders.o_custkey)
                           ->  Parallel Seq Scan on customer  (cost=0.00..5225.62 rows=729 width=26) (actual time=0.037..44.093 rows=6249 loops=3)
                                 Filter: ((c_acctbal > $1) AND ("substring"((c_phone)::text, 1, 2) = ANY ('{30,17,25,10,22,15,21}'::text[])))
                                 Rows Removed by Filter: 43751
                           ->  Parallel Hash  (cost=32345.00..32345.00 rows=625000 width=4) (actual time=631.819..631.820 rows=500000 loops=3)
                                 Buckets: 131072  Batches: 32  Memory Usage: 2944kB
                                 ->  Parallel Seq Scan on orders  (cost=0.00..32345.00 rows=625000 width=4) (actual time=2.149..477.874 rows=500000 loops=3)
 Planning Time: 17.055 ms
 Execution Time: 1037.234 ms
(32 rows)



You are now connected to database "tpch" as user "postgres".
                                                                         QUERY PLAN                                                                          
-------------------------------------------------------------------------------------------------------------------------------------------------------------
 Finalize GroupAggregate  (cost=57528.16..57629.09 rows=757 width=72) (actual time=992.188..1021.901 rows=7 loops=1)
   Group Key: ("substring"((customer.c_phone)::text, 1, 2))
   InitPlan 1 (returns $1)
     ->  Finalize Aggregate  (cost=6230.82..6230.84 rows=1 width=32) (actual time=147.397..147.534 rows=1 loops=1)
           ->  Gather  (cost=6230.60..6230.81 rows=2 width=32) (actual time=147.362..147.503 rows=3 loops=1)
                 Workers Planned: 2
                 Workers Launched: 2
                 ->  Partial Aggregate  (cost=5230.60..5230.61 rows=1 width=32) (actual time=134.242..134.243 rows=1 loops=3)
                       ->  Parallel Seq Scan on customer customer_1  (cost=0.00..5225.62 rows=1990 width=6) (actual time=0.065..132.135 rows=12559 loops=3)
                             Filter: ((c_acctbal > 0.00) AND ("substring"((c_phone)::text, 1, 2) = ANY ('{30,17,25,10,22,15,21}'::text[])))
                             Rows Removed by Filter: 37441
   ->  Gather Merge  (cost=51297.32..51378.70 rows=630 width=72) (actual time=991.872..1021.672 rows=21 loops=1)
         Workers Planned: 2
         Params Evaluated: $1
         Workers Launched: 2
         ->  Partial GroupAggregate  (cost=50297.30..50305.96 rows=315 width=72) (actual time=837.758..838.332 rows=7 loops=3)
               Group Key: ("substring"((customer.c_phone)::text, 1, 2))
               ->  Sort  (cost=50297.30..50298.09 rows=315 width=38) (actual time=837.637..837.780 rows=2094 loops=3)
                     Sort Key: ("substring"((customer.c_phone)::text, 1, 2))
                     Sort Method: quicksort  Memory: 221kB
                     Worker 0:  Sort Method: quicksort  Memory: 195kB
                     Worker 1:  Sort Method: quicksort  Memory: 120kB
                     ->  Parallel Hash Anti Join  (cost=42599.50..50284.23 rows=315 width=38) (actual time=728.616..836.554 rows=2094 loops=3)
                           Hash Cond: (customer.c_custkey = orders.o_custkey)
                           ->  Parallel Seq Scan on customer  (cost=0.00..5225.62 rows=729 width=26) (actual time=0.040..43.052 rows=6249 loops=3)
                                 Filter: ((c_acctbal > $1) AND ("substring"((c_phone)::text, 1, 2) = ANY ('{30,17,25,10,22,15,21}'::text[])))
                                 Rows Removed by Filter: 43751
                           ->  Parallel Hash  (cost=32345.00..32345.00 rows=625000 width=4) (actual time=657.520..657.521 rows=500000 loops=3)
                                 Buckets: 131072  Batches: 32  Memory Usage: 2944kB
                                 ->  Parallel Seq Scan on orders  (cost=0.00..32345.00 rows=625000 width=4) (actual time=0.262..498.696 rows=500000 loops=3)
 Planning Time: 15.830 ms
 Execution Time: 1022.972 ms
(32 rows)



You are now connected to database "tpch" as user "postgres".
                                                                         QUERY PLAN                                                                          
-------------------------------------------------------------------------------------------------------------------------------------------------------------
 Finalize GroupAggregate  (cost=57528.16..57629.09 rows=757 width=72) (actual time=975.165..996.259 rows=7 loops=1)
   Group Key: ("substring"((customer.c_phone)::text, 1, 2))
   InitPlan 1 (returns $1)
     ->  Finalize Aggregate  (cost=6230.82..6230.84 rows=1 width=32) (actual time=145.143..145.282 rows=1 loops=1)
           ->  Gather  (cost=6230.60..6230.81 rows=2 width=32) (actual time=141.501..145.097 rows=3 loops=1)
                 Workers Planned: 2
                 Workers Launched: 2
                 ->  Partial Aggregate  (cost=5230.60..5230.61 rows=1 width=32) (actual time=132.038..132.039 rows=1 loops=3)
                       ->  Parallel Seq Scan on customer customer_1  (cost=0.00..5225.62 rows=1990 width=6) (actual time=0.070..129.138 rows=12559 loops=3)
                             Filter: ((c_acctbal > 0.00) AND ("substring"((c_phone)::text, 1, 2) = ANY ('{30,17,25,10,22,15,21}'::text[])))
                             Rows Removed by Filter: 37441
   ->  Gather Merge  (cost=51297.32..51378.70 rows=630 width=72) (actual time=975.003..996.049 rows=21 loops=1)
         Workers Planned: 2
         Params Evaluated: $1
         Workers Launched: 2
         ->  Partial GroupAggregate  (cost=50297.30..50305.96 rows=315 width=72) (actual time=823.282..823.820 rows=7 loops=3)
               Group Key: ("substring"((customer.c_phone)::text, 1, 2))
               ->  Sort  (cost=50297.30..50298.09 rows=315 width=38) (actual time=823.170..823.306 rows=2094 loops=3)
                     Sort Key: ("substring"((customer.c_phone)::text, 1, 2))
                     Sort Method: quicksort  Memory: 200kB
                     Worker 0:  Sort Method: quicksort  Memory: 194kB
                     Worker 1:  Sort Method: quicksort  Memory: 142kB
                     ->  Parallel Hash Anti Join  (cost=42599.50..50284.23 rows=315 width=38) (actual time=704.186..822.098 rows=2094 loops=3)
                           Hash Cond: (customer.c_custkey = orders.o_custkey)
                           ->  Parallel Seq Scan on customer  (cost=0.00..5225.62 rows=729 width=26) (actual time=0.055..44.953 rows=6249 loops=3)
                                 Filter: ((c_acctbal > $1) AND ("substring"((c_phone)::text, 1, 2) = ANY ('{30,17,25,10,22,15,21}'::text[])))
                                 Rows Removed by Filter: 43751
                           ->  Parallel Hash  (cost=32345.00..32345.00 rows=625000 width=4) (actual time=632.461..632.462 rows=500000 loops=3)
                                 Buckets: 131072  Batches: 32  Memory Usage: 2944kB
                                 ->  Parallel Seq Scan on orders  (cost=0.00..32345.00 rows=625000 width=4) (actual time=0.545..479.312 rows=500000 loops=3)
 Planning Time: 11.244 ms
 Execution Time: 997.254 ms
(32 rows)



You are now connected to database "tpch" as user "postgres".
                                                                         QUERY PLAN                                                                          
-------------------------------------------------------------------------------------------------------------------------------------------------------------
 Finalize GroupAggregate  (cost=57528.16..57629.09 rows=757 width=72) (actual time=823.404..841.573 rows=7 loops=1)
   Group Key: ("substring"((customer.c_phone)::text, 1, 2))
   InitPlan 1 (returns $1)
     ->  Finalize Aggregate  (cost=6230.82..6230.84 rows=1 width=32) (actual time=117.638..117.768 rows=1 loops=1)
           ->  Gather  (cost=6230.60..6230.81 rows=2 width=32) (actual time=114.629..117.722 rows=3 loops=1)
                 Workers Planned: 2
                 Workers Launched: 2
                 ->  Partial Aggregate  (cost=5230.60..5230.61 rows=1 width=32) (actual time=106.759..106.760 rows=1 loops=3)
                       ->  Parallel Seq Scan on customer customer_1  (cost=0.00..5225.62 rows=1990 width=6) (actual time=0.074..104.612 rows=12559 loops=3)
                             Filter: ((c_acctbal > 0.00) AND ("substring"((c_phone)::text, 1, 2) = ANY ('{30,17,25,10,22,15,21}'::text[])))
                             Rows Removed by Filter: 37441
   ->  Gather Merge  (cost=51297.32..51378.70 rows=630 width=72) (actual time=823.267..841.400 rows=21 loops=1)
         Workers Planned: 2
         Params Evaluated: $1
         Workers Launched: 2
         ->  Partial GroupAggregate  (cost=50297.30..50305.96 rows=315 width=72) (actual time=693.030..693.566 rows=7 loops=3)
               Group Key: ("substring"((customer.c_phone)::text, 1, 2))
               ->  Sort  (cost=50297.30..50298.09 rows=315 width=38) (actual time=692.917..693.054 rows=2094 loops=3)
                     Sort Key: ("substring"((customer.c_phone)::text, 1, 2))
                     Sort Method: quicksort  Memory: 208kB
                     Worker 0:  Sort Method: quicksort  Memory: 201kB
                     Worker 1:  Sort Method: quicksort  Memory: 126kB
                     ->  Parallel Hash Anti Join  (cost=42599.50..50284.23 rows=315 width=38) (actual time=589.017..691.928 rows=2094 loops=3)
                           Hash Cond: (customer.c_custkey = orders.o_custkey)
                           ->  Parallel Seq Scan on customer  (cost=0.00..5225.62 rows=729 width=26) (actual time=0.034..41.484 rows=6249 loops=3)
                                 Filter: ((c_acctbal > $1) AND ("substring"((c_phone)::text, 1, 2) = ANY ('{30,17,25,10,22,15,21}'::text[])))
                                 Rows Removed by Filter: 43751
                           ->  Parallel Hash  (cost=32345.00..32345.00 rows=625000 width=4) (actual time=527.680..527.681 rows=500000 loops=3)
                                 Buckets: 131072  Batches: 32  Memory Usage: 2944kB
                                 ->  Parallel Seq Scan on orders  (cost=0.00..32345.00 rows=625000 width=4) (actual time=0.253..394.022 rows=500000 loops=3)
 Planning Time: 13.945 ms
 Execution Time: 842.547 ms
(32 rows)



You are now connected to database "tpch" as user "postgres".
                                                                         QUERY PLAN                                                                          
-------------------------------------------------------------------------------------------------------------------------------------------------------------
 Finalize GroupAggregate  (cost=57528.16..57629.09 rows=757 width=72) (actual time=975.387..997.848 rows=7 loops=1)
   Group Key: ("substring"((customer.c_phone)::text, 1, 2))
   InitPlan 1 (returns $1)
     ->  Finalize Aggregate  (cost=6230.82..6230.84 rows=1 width=32) (actual time=149.130..149.261 rows=1 loops=1)
           ->  Gather  (cost=6230.60..6230.81 rows=2 width=32) (actual time=145.117..149.098 rows=3 loops=1)
                 Workers Planned: 2
                 Workers Launched: 2
                 ->  Partial Aggregate  (cost=5230.60..5230.61 rows=1 width=32) (actual time=136.082..136.083 rows=1 loops=3)
                       ->  Parallel Seq Scan on customer customer_1  (cost=0.00..5225.62 rows=1990 width=6) (actual time=0.073..133.444 rows=12559 loops=3)
                             Filter: ((c_acctbal > 0.00) AND ("substring"((c_phone)::text, 1, 2) = ANY ('{30,17,25,10,22,15,21}'::text[])))
                             Rows Removed by Filter: 37441
   ->  Gather Merge  (cost=51297.32..51378.70 rows=630 width=72) (actual time=975.063..997.622 rows=21 loops=1)
         Workers Planned: 2
         Params Evaluated: $1
         Workers Launched: 2
         ->  Partial GroupAggregate  (cost=50297.30..50305.96 rows=315 width=72) (actual time=818.616..819.217 rows=7 loops=3)
               Group Key: ("substring"((customer.c_phone)::text, 1, 2))
               ->  Sort  (cost=50297.30..50298.09 rows=315 width=38) (actual time=818.469..818.611 rows=2094 loops=3)
                     Sort Key: ("substring"((customer.c_phone)::text, 1, 2))
                     Sort Method: quicksort  Memory: 197kB
                     Worker 0:  Sort Method: quicksort  Memory: 130kB
                     Worker 1:  Sort Method: quicksort  Memory: 209kB
                     ->  Parallel Hash Anti Join  (cost=42599.50..50284.23 rows=315 width=38) (actual time=698.251..817.447 rows=2094 loops=3)
                           Hash Cond: (customer.c_custkey = orders.o_custkey)
                           ->  Parallel Seq Scan on customer  (cost=0.00..5225.62 rows=729 width=26) (actual time=0.037..38.634 rows=6249 loops=3)
                                 Filter: ((c_acctbal > $1) AND ("substring"((c_phone)::text, 1, 2) = ANY ('{30,17,25,10,22,15,21}'::text[])))
                                 Rows Removed by Filter: 43751
                           ->  Parallel Hash  (cost=32345.00..32345.00 rows=625000 width=4) (actual time=624.387..624.389 rows=500000 loops=3)
                                 Buckets: 131072  Batches: 32  Memory Usage: 2944kB
                                 ->  Parallel Seq Scan on orders  (cost=0.00..32345.00 rows=625000 width=4) (actual time=1.619..466.301 rows=500000 loops=3)
 Planning Time: 13.071 ms
 Execution Time: 998.635 ms
(32 rows)



