You are now connected to database "tpch" as user "postgres".
                                                                                QUERY PLAN                                                                                
--------------------------------------------------------------------------------------------------------------------------------------------------------------------------
 Limit  (cost=38280.45..38280.47 rows=10 width=44) (actual time=1887.991..1892.090 rows=10 loops=1)
   ->  Sort  (cost=38280.45..38281.67 rows=488 width=44) (actual time=1887.989..1892.079 rows=10 loops=1)
         Sort Key: (sum((lineitem.l_extendedprice * ('1'::numeric - lineitem.l_discount)))) DESC, orders.o_orderdate
         Sort Method: top-N heapsort  Memory: 26kB
         ->  Finalize GroupAggregate  (cost=38205.78..38269.90 rows=488 width=44) (actual time=1887.464..1891.933 rows=113 loops=1)
               Group Key: lineitem.l_orderkey, orders.o_orderdate, orders.o_shippriority
               ->  Gather Merge  (cost=38205.78..38258.73 rows=406 width=44) (actual time=1887.437..1891.735 rows=113 loops=1)
                     Workers Planned: 2
                     Workers Launched: 2
                     ->  Partial GroupAggregate  (cost=37205.75..37211.84 rows=203 width=44) (actual time=1873.770..1873.930 rows=38 loops=3)
                           Group Key: lineitem.l_orderkey, orders.o_orderdate, orders.o_shippriority
                           ->  Sort  (cost=37205.75..37206.26 rows=203 width=24) (actual time=1873.718..1873.733 rows=146 loops=3)
                                 Sort Key: lineitem.l_orderkey, orders.o_orderdate, orders.o_shippriority
                                 Sort Method: quicksort  Memory: 37kB
                                 Worker 0:  Sort Method: quicksort  Memory: 37kB
                                 Worker 1:  Sort Method: quicksort  Memory: 34kB
                                 ->  Nested Loop  (cost=0.85..37197.97 rows=203 width=24) (actual time=34.465..1873.303 rows=146 loops=3)
                                       ->  Nested Loop  (cost=0.42..35551.98 rows=51 width=12) (actual time=32.136..1696.695 rows=38 loops=3)
                                             ->  Parallel Seq Scan on orders  (cost=0.00..33907.50 rows=256 width=16) (actual time=4.448..1437.209 rows=207 loops=3)
                                                   Filter: (o_orderdate < '1992-01-02'::date)
                                                   Rows Removed by Filter: 499793
                                             ->  Index Scan using customer_pkey on customer  (cost=0.42..6.42 rows=1 width=4) (actual time=1.249..1.249 rows=0 loops=621)
                                                   Index Cond: (c_custkey = orders.o_custkey)
                                                   Filter: (c_mktsegment = 'AUTOMOBILE'::bpchar)
                                                   Rows Removed by Filter: 1
                                       ->  Index Scan using lineitem_pkey on lineitem  (cost=0.43..32.12 rows=15 width=16) (actual time=4.517..4.682 rows=4 loops=113)
                                             Index Cond: (l_orderkey = orders.o_orderkey)
                                             Filter: (l_shipdate > '1992-01-02'::date)
                                             Rows Removed by Filter: 0
 Planning Time: 31.198 ms
 Execution Time: 1893.139 ms
(31 rows)



You are now connected to database "tpch" as user "postgres".
                                                                                QUERY PLAN                                                                                
--------------------------------------------------------------------------------------------------------------------------------------------------------------------------
 Limit  (cost=38280.45..38280.47 rows=10 width=44) (actual time=540.925..546.728 rows=10 loops=1)
   ->  Sort  (cost=38280.45..38281.67 rows=488 width=44) (actual time=540.923..546.724 rows=10 loops=1)
         Sort Key: (sum((lineitem.l_extendedprice * ('1'::numeric - lineitem.l_discount)))) DESC, orders.o_orderdate
         Sort Method: top-N heapsort  Memory: 26kB
         ->  Finalize GroupAggregate  (cost=38205.78..38269.90 rows=488 width=44) (actual time=540.491..546.616 rows=113 loops=1)
               Group Key: lineitem.l_orderkey, orders.o_orderdate, orders.o_shippriority
               ->  Gather Merge  (cost=38205.78..38258.73 rows=406 width=44) (actual time=540.452..546.441 rows=113 loops=1)
                     Workers Planned: 2
                     Workers Launched: 2
                     ->  Partial GroupAggregate  (cost=37205.75..37211.84 rows=203 width=44) (actual time=532.322..532.456 rows=38 loops=3)
                           Group Key: lineitem.l_orderkey, orders.o_orderdate, orders.o_shippriority
                           ->  Sort  (cost=37205.75..37206.26 rows=203 width=24) (actual time=532.299..532.312 rows=146 loops=3)
                                 Sort Key: lineitem.l_orderkey, orders.o_orderdate, orders.o_shippriority
                                 Sort Method: quicksort  Memory: 37kB
                                 Worker 0:  Sort Method: quicksort  Memory: 35kB
                                 Worker 1:  Sort Method: quicksort  Memory: 35kB
                                 ->  Nested Loop  (cost=0.85..37197.97 rows=203 width=24) (actual time=23.139..532.016 rows=146 loops=3)
                                       ->  Nested Loop  (cost=0.42..35551.98 rows=51 width=12) (actual time=22.553..502.763 rows=38 loops=3)
                                             ->  Parallel Seq Scan on orders  (cost=0.00..33907.50 rows=256 width=16) (actual time=4.465..416.070 rows=207 loops=3)
                                                   Filter: (o_orderdate < '1992-01-02'::date)
                                                   Rows Removed by Filter: 499793
                                             ->  Index Scan using customer_pkey on customer  (cost=0.42..6.42 rows=1 width=4) (actual time=0.416..0.416 rows=0 loops=621)
                                                   Index Cond: (c_custkey = orders.o_custkey)
                                                   Filter: (c_mktsegment = 'AUTOMOBILE'::bpchar)
                                                   Rows Removed by Filter: 1
                                       ->  Index Scan using lineitem_pkey on lineitem  (cost=0.43..32.12 rows=15 width=16) (actual time=0.743..0.772 rows=4 loops=113)
                                             Index Cond: (l_orderkey = orders.o_orderkey)
                                             Filter: (l_shipdate > '1992-01-02'::date)
                                             Rows Removed by Filter: 0
 Planning Time: 12.494 ms
 Execution Time: 547.511 ms
(31 rows)



You are now connected to database "tpch" as user "postgres".
                                                                                QUERY PLAN                                                                                
--------------------------------------------------------------------------------------------------------------------------------------------------------------------------
 Limit  (cost=38280.45..38280.47 rows=10 width=44) (actual time=495.978..498.806 rows=10 loops=1)
   ->  Sort  (cost=38280.45..38281.67 rows=488 width=44) (actual time=495.977..498.803 rows=10 loops=1)
         Sort Key: (sum((lineitem.l_extendedprice * ('1'::numeric - lineitem.l_discount)))) DESC, orders.o_orderdate
         Sort Method: top-N heapsort  Memory: 26kB
         ->  Finalize GroupAggregate  (cost=38205.78..38269.90 rows=488 width=44) (actual time=495.579..498.699 rows=113 loops=1)
               Group Key: lineitem.l_orderkey, orders.o_orderdate, orders.o_shippriority
               ->  Gather Merge  (cost=38205.78..38258.73 rows=406 width=44) (actual time=495.562..498.552 rows=113 loops=1)
                     Workers Planned: 2
                     Workers Launched: 2
                     ->  Partial GroupAggregate  (cost=37205.75..37211.84 rows=203 width=44) (actual time=486.601..486.728 rows=38 loops=3)
                           Group Key: lineitem.l_orderkey, orders.o_orderdate, orders.o_shippriority
                           ->  Sort  (cost=37205.75..37206.26 rows=203 width=24) (actual time=486.574..486.586 rows=146 loops=3)
                                 Sort Key: lineitem.l_orderkey, orders.o_orderdate, orders.o_shippriority
                                 Sort Method: quicksort  Memory: 37kB
                                 Worker 0:  Sort Method: quicksort  Memory: 36kB
                                 Worker 1:  Sort Method: quicksort  Memory: 34kB
                                 ->  Nested Loop  (cost=0.85..37197.97 rows=203 width=24) (actual time=30.165..486.287 rows=146 loops=3)
                                       ->  Nested Loop  (cost=0.42..35551.98 rows=51 width=12) (actual time=29.512..458.528 rows=38 loops=3)
                                             ->  Parallel Seq Scan on orders  (cost=0.00..33907.50 rows=256 width=16) (actual time=5.357..371.206 rows=207 loops=3)
                                                   Filter: (o_orderdate < '1992-01-02'::date)
                                                   Rows Removed by Filter: 499793
                                             ->  Index Scan using customer_pkey on customer  (cost=0.42..6.42 rows=1 width=4) (actual time=0.419..0.419 rows=0 loops=621)
                                                   Index Cond: (c_custkey = orders.o_custkey)
                                                   Filter: (c_mktsegment = 'AUTOMOBILE'::bpchar)
                                                   Rows Removed by Filter: 1
                                       ->  Index Scan using lineitem_pkey on lineitem  (cost=0.43..32.12 rows=15 width=16) (actual time=0.704..0.733 rows=4 loops=113)
                                             Index Cond: (l_orderkey = orders.o_orderkey)
                                             Filter: (l_shipdate > '1992-01-02'::date)
                                             Rows Removed by Filter: 0
 Planning Time: 12.916 ms
 Execution Time: 499.432 ms
(31 rows)



You are now connected to database "tpch" as user "postgres".
                                                                                QUERY PLAN                                                                                
--------------------------------------------------------------------------------------------------------------------------------------------------------------------------
 Limit  (cost=38280.45..38280.47 rows=10 width=44) (actual time=514.120..514.225 rows=10 loops=1)
   ->  Sort  (cost=38280.45..38281.67 rows=488 width=44) (actual time=514.118..514.222 rows=10 loops=1)
         Sort Key: (sum((lineitem.l_extendedprice * ('1'::numeric - lineitem.l_discount)))) DESC, orders.o_orderdate
         Sort Method: top-N heapsort  Memory: 26kB
         ->  Finalize GroupAggregate  (cost=38205.78..38269.90 rows=488 width=44) (actual time=513.741..514.121 rows=113 loops=1)
               Group Key: lineitem.l_orderkey, orders.o_orderdate, orders.o_shippriority
               ->  Gather Merge  (cost=38205.78..38258.73 rows=406 width=44) (actual time=513.726..513.978 rows=113 loops=1)
                     Workers Planned: 2
                     Workers Launched: 2
                     ->  Partial GroupAggregate  (cost=37205.75..37211.84 rows=203 width=44) (actual time=503.034..503.153 rows=38 loops=3)
                           Group Key: lineitem.l_orderkey, orders.o_orderdate, orders.o_shippriority
                           ->  Sort  (cost=37205.75..37206.26 rows=203 width=24) (actual time=502.995..503.007 rows=146 loops=3)
                                 Sort Key: lineitem.l_orderkey, orders.o_orderdate, orders.o_shippriority
                                 Sort Method: quicksort  Memory: 36kB
                                 Worker 0:  Sort Method: quicksort  Memory: 36kB
                                 Worker 1:  Sort Method: quicksort  Memory: 37kB
                                 ->  Nested Loop  (cost=0.85..37197.97 rows=203 width=24) (actual time=14.737..502.702 rows=146 loops=3)
                                       ->  Nested Loop  (cost=0.42..35551.98 rows=51 width=12) (actual time=13.659..469.293 rows=38 loops=3)
                                             ->  Parallel Seq Scan on orders  (cost=0.00..33907.50 rows=256 width=16) (actual time=9.392..382.112 rows=207 loops=3)
                                                   Filter: (o_orderdate < '1992-01-02'::date)
                                                   Rows Removed by Filter: 499793
                                             ->  Index Scan using customer_pkey on customer  (cost=0.42..6.42 rows=1 width=4) (actual time=0.418..0.418 rows=0 loops=621)
                                                   Index Cond: (c_custkey = orders.o_custkey)
                                                   Filter: (c_mktsegment = 'AUTOMOBILE'::bpchar)
                                                   Rows Removed by Filter: 1
                                       ->  Index Scan using lineitem_pkey on lineitem  (cost=0.43..32.12 rows=15 width=16) (actual time=0.854..0.881 rows=4 loops=113)
                                             Index Cond: (l_orderkey = orders.o_orderkey)
                                             Filter: (l_shipdate > '1992-01-02'::date)
                                             Rows Removed by Filter: 0
 Planning Time: 12.252 ms
 Execution Time: 514.856 ms
(31 rows)



You are now connected to database "tpch" as user "postgres".
                                                                                QUERY PLAN                                                                                
--------------------------------------------------------------------------------------------------------------------------------------------------------------------------
 Limit  (cost=38280.45..38280.47 rows=10 width=44) (actual time=419.514..421.629 rows=10 loops=1)
   ->  Sort  (cost=38280.45..38281.67 rows=488 width=44) (actual time=419.513..421.627 rows=10 loops=1)
         Sort Key: (sum((lineitem.l_extendedprice * ('1'::numeric - lineitem.l_discount)))) DESC, orders.o_orderdate
         Sort Method: top-N heapsort  Memory: 26kB
         ->  Finalize GroupAggregate  (cost=38205.78..38269.90 rows=488 width=44) (actual time=419.047..421.522 rows=113 loops=1)
               Group Key: lineitem.l_orderkey, orders.o_orderdate, orders.o_shippriority
               ->  Gather Merge  (cost=38205.78..38258.73 rows=406 width=44) (actual time=419.009..421.335 rows=113 loops=1)
                     Workers Planned: 2
                     Workers Launched: 2
                     ->  Partial GroupAggregate  (cost=37205.75..37211.84 rows=203 width=44) (actual time=409.371..409.506 rows=38 loops=3)
                           Group Key: lineitem.l_orderkey, orders.o_orderdate, orders.o_shippriority
                           ->  Sort  (cost=37205.75..37206.26 rows=203 width=24) (actual time=409.349..409.366 rows=146 loops=3)
                                 Sort Key: lineitem.l_orderkey, orders.o_orderdate, orders.o_shippriority
                                 Sort Method: quicksort  Memory: 40kB
                                 Worker 0:  Sort Method: quicksort  Memory: 35kB
                                 Worker 1:  Sort Method: quicksort  Memory: 32kB
                                 ->  Nested Loop  (cost=0.85..37197.97 rows=203 width=24) (actual time=6.478..409.133 rows=146 loops=3)
                                       ->  Nested Loop  (cost=0.42..35551.98 rows=51 width=12) (actual time=5.987..387.630 rows=38 loops=3)
                                             ->  Parallel Seq Scan on orders  (cost=0.00..33907.50 rows=256 width=16) (actual time=3.528..319.414 rows=207 loops=3)
                                                   Filter: (o_orderdate < '1992-01-02'::date)
                                                   Rows Removed by Filter: 499793
                                             ->  Index Scan using customer_pkey on customer  (cost=0.42..6.42 rows=1 width=4) (actual time=0.327..0.327 rows=0 loops=621)
                                                   Index Cond: (c_custkey = orders.o_custkey)
                                                   Filter: (c_mktsegment = 'AUTOMOBILE'::bpchar)
                                                   Rows Removed by Filter: 1
                                       ->  Index Scan using lineitem_pkey on lineitem  (cost=0.43..32.12 rows=15 width=16) (actual time=0.540..0.567 rows=4 loops=113)
                                             Index Cond: (l_orderkey = orders.o_orderkey)
                                             Filter: (l_shipdate > '1992-01-02'::date)
                                             Rows Removed by Filter: 0
 Planning Time: 14.900 ms
 Execution Time: 422.113 ms
(31 rows)



