You are now connected to database "tpch" as user "postgres".
                                                                        QUERY PLAN                                                                        
----------------------------------------------------------------------------------------------------------------------------------------------------------
 Finalize GroupAggregate  (cost=84464.57..84512.62 rows=5 width=24) (actual time=13192.227..13202.807 rows=5 loops=1)
   Group Key: orders.o_orderpriority
   ->  Gather Merge  (cost=84464.57..84512.52 rows=10 width=24) (actual time=13191.412..13202.772 rows=15 loops=1)
         Workers Planned: 2
         Workers Launched: 2
         ->  Partial GroupAggregate  (cost=83464.55..83511.34 rows=5 width=24) (actual time=13175.199..13181.052 rows=5 loops=3)
               Group Key: orders.o_orderpriority
               ->  Sort  (cost=83464.55..83480.13 rows=6233 width=16) (actual time=13174.334..13175.608 rows=17334 loops=3)
                     Sort Key: orders.o_orderpriority
                     Sort Method: quicksort  Memory: 1584kB
                     Worker 0:  Sort Method: quicksort  Memory: 1577kB
                     Worker 1:  Sort Method: quicksort  Memory: 1582kB
                     ->  Nested Loop Semi Join  (cost=0.43..83071.69 rows=6233 width=16) (actual time=0.790..13127.295 rows=17334 loops=3)
                           ->  Parallel Seq Scan on orders  (cost=0.00..35470.00 rows=23705 width=20) (actual time=0.081..496.158 rows=18914 loops=3)
                                 Filter: ((o_orderdate >= '1992-01-01'::date) AND (o_orderdate < '1992-04-01 00:00:00'::timestamp without time zone))
                                 Rows Removed by Filter: 481086
                           ->  Index Scan using lineitem_pkey on lineitem  (cost=0.43..7.15 rows=5 width=4) (actual time=0.664..0.664 rows=1 loops=56741)
                                 Index Cond: (l_orderkey = orders.o_orderkey)
                                 Filter: (l_commitdate < l_receiptdate)
                                 Rows Removed by Filter: 1
 Planning Time: 20.256 ms
 Execution Time: 13204.135 ms
(22 rows)



You are now connected to database "tpch" as user "postgres".
                                                                        QUERY PLAN                                                                        
----------------------------------------------------------------------------------------------------------------------------------------------------------
 Finalize GroupAggregate  (cost=84464.57..84512.62 rows=5 width=24) (actual time=3205.374..3217.853 rows=5 loops=1)
   Group Key: orders.o_orderpriority
   ->  Gather Merge  (cost=84464.57..84512.52 rows=10 width=24) (actual time=3204.662..3217.826 rows=15 loops=1)
         Workers Planned: 2
         Workers Launched: 2
         ->  Partial GroupAggregate  (cost=83464.55..83511.34 rows=5 width=24) (actual time=3193.604..3198.447 rows=5 loops=3)
               Group Key: orders.o_orderpriority
               ->  Sort  (cost=83464.55..83480.13 rows=6233 width=16) (actual time=3192.922..3193.987 rows=17334 loops=3)
                     Sort Key: orders.o_orderpriority
                     Sort Method: quicksort  Memory: 1571kB
                     Worker 0:  Sort Method: quicksort  Memory: 1584kB
                     Worker 1:  Sort Method: quicksort  Memory: 1589kB
                     ->  Nested Loop Semi Join  (cost=0.43..83071.69 rows=6233 width=16) (actual time=0.265..3161.959 rows=17334 loops=3)
                           ->  Parallel Seq Scan on orders  (cost=0.00..35470.00 rows=23705 width=20) (actual time=0.035..277.162 rows=18914 loops=3)
                                 Filter: ((o_orderdate >= '1992-01-01'::date) AND (o_orderdate < '1992-04-01 00:00:00'::timestamp without time zone))
                                 Rows Removed by Filter: 481086
                           ->  Index Scan using lineitem_pkey on lineitem  (cost=0.43..7.15 rows=5 width=4) (actual time=0.150..0.150 rows=1 loops=56741)
                                 Index Cond: (l_orderkey = orders.o_orderkey)
                                 Filter: (l_commitdate < l_receiptdate)
                                 Rows Removed by Filter: 1
 Planning Time: 11.549 ms
 Execution Time: 3218.573 ms
(22 rows)



You are now connected to database "tpch" as user "postgres".
                                                                        QUERY PLAN                                                                        
----------------------------------------------------------------------------------------------------------------------------------------------------------
 Finalize GroupAggregate  (cost=84464.57..84512.62 rows=5 width=24) (actual time=3051.080..3063.661 rows=5 loops=1)
   Group Key: orders.o_orderpriority
   ->  Gather Merge  (cost=84464.57..84512.52 rows=10 width=24) (actual time=3047.386..3063.633 rows=15 loops=1)
         Workers Planned: 2
         Workers Launched: 2
         ->  Partial GroupAggregate  (cost=83464.55..83511.34 rows=5 width=24) (actual time=3035.358..3038.427 rows=5 loops=3)
               Group Key: orders.o_orderpriority
               ->  Sort  (cost=83464.55..83480.13 rows=6233 width=16) (actual time=3034.646..3035.738 rows=17334 loops=3)
                     Sort Key: orders.o_orderpriority
                     Sort Method: quicksort  Memory: 1595kB
                     Worker 0:  Sort Method: quicksort  Memory: 1555kB
                     Worker 1:  Sort Method: quicksort  Memory: 1593kB
                     ->  Nested Loop Semi Join  (cost=0.43..83071.69 rows=6233 width=16) (actual time=0.931..3008.542 rows=17334 loops=3)
                           ->  Parallel Seq Scan on orders  (cost=0.00..35470.00 rows=23705 width=20) (actual time=0.036..285.684 rows=18914 loops=3)
                                 Filter: ((o_orderdate >= '1992-01-01'::date) AND (o_orderdate < '1992-04-01 00:00:00'::timestamp without time zone))
                                 Rows Removed by Filter: 481086
                           ->  Index Scan using lineitem_pkey on lineitem  (cost=0.43..7.15 rows=5 width=4) (actual time=0.142..0.142 rows=1 loops=56741)
                                 Index Cond: (l_orderkey = orders.o_orderkey)
                                 Filter: (l_commitdate < l_receiptdate)
                                 Rows Removed by Filter: 1
 Planning Time: 17.768 ms
 Execution Time: 3064.541 ms
(22 rows)



You are now connected to database "tpch" as user "postgres".
                                                                        QUERY PLAN                                                                        
----------------------------------------------------------------------------------------------------------------------------------------------------------
 Finalize GroupAggregate  (cost=84464.57..84512.62 rows=5 width=24) (actual time=2741.193..2755.646 rows=5 loops=1)
   Group Key: orders.o_orderpriority
   ->  Gather Merge  (cost=84464.57..84512.52 rows=10 width=24) (actual time=2740.385..2755.607 rows=15 loops=1)
         Workers Planned: 2
         Workers Launched: 2
         ->  Partial GroupAggregate  (cost=83464.55..83511.34 rows=5 width=24) (actual time=2727.852..2730.614 rows=5 loops=3)
               Group Key: orders.o_orderpriority
               ->  Sort  (cost=83464.55..83480.13 rows=6233 width=16) (actual time=2727.115..2728.264 rows=17334 loops=3)
                     Sort Key: orders.o_orderpriority
                     Sort Method: quicksort  Memory: 1626kB
                     Worker 0:  Sort Method: quicksort  Memory: 1541kB
                     Worker 1:  Sort Method: quicksort  Memory: 1576kB
                     ->  Nested Loop Semi Join  (cost=0.43..83071.69 rows=6233 width=16) (actual time=0.303..2700.877 rows=17334 loops=3)
                           ->  Parallel Seq Scan on orders  (cost=0.00..35470.00 rows=23705 width=20) (actual time=0.034..250.826 rows=18914 loops=3)
                                 Filter: ((o_orderdate >= '1992-01-01'::date) AND (o_orderdate < '1992-04-01 00:00:00'::timestamp without time zone))
                                 Rows Removed by Filter: 481086
                           ->  Index Scan using lineitem_pkey on lineitem  (cost=0.43..7.15 rows=5 width=4) (actual time=0.127..0.127 rows=1 loops=56741)
                                 Index Cond: (l_orderkey = orders.o_orderkey)
                                 Filter: (l_commitdate < l_receiptdate)
                                 Rows Removed by Filter: 1
 Planning Time: 7.926 ms
 Execution Time: 2756.211 ms
(22 rows)



You are now connected to database "tpch" as user "postgres".
                                                                        QUERY PLAN                                                                        
----------------------------------------------------------------------------------------------------------------------------------------------------------
 Finalize GroupAggregate  (cost=84464.57..84512.62 rows=5 width=24) (actual time=2905.848..2920.424 rows=5 loops=1)
   Group Key: orders.o_orderpriority
   ->  Gather Merge  (cost=84464.57..84512.52 rows=10 width=24) (actual time=2903.958..2920.406 rows=15 loops=1)
         Workers Planned: 2
         Workers Launched: 2
         ->  Partial GroupAggregate  (cost=83464.55..83511.34 rows=5 width=24) (actual time=2894.730..2898.182 rows=5 loops=3)
               Group Key: orders.o_orderpriority
               ->  Sort  (cost=83464.55..83480.13 rows=6233 width=16) (actual time=2894.021..2895.223 rows=17334 loops=3)
                     Sort Key: orders.o_orderpriority
                     Sort Method: quicksort  Memory: 1602kB
                     Worker 0:  Sort Method: quicksort  Memory: 1578kB
                     Worker 1:  Sort Method: quicksort  Memory: 1563kB
                     ->  Nested Loop Semi Join  (cost=0.43..83071.69 rows=6233 width=16) (actual time=0.438..2868.082 rows=17334 loops=3)
                           ->  Parallel Seq Scan on orders  (cost=0.00..35470.00 rows=23705 width=20) (actual time=0.047..270.663 rows=18914 loops=3)
                                 Filter: ((o_orderdate >= '1992-01-01'::date) AND (o_orderdate < '1992-04-01 00:00:00'::timestamp without time zone))
                                 Rows Removed by Filter: 481086
                           ->  Index Scan using lineitem_pkey on lineitem  (cost=0.43..7.15 rows=5 width=4) (actual time=0.135..0.135 rows=1 loops=56741)
                                 Index Cond: (l_orderkey = orders.o_orderkey)
                                 Filter: (l_commitdate < l_receiptdate)
                                 Rows Removed by Filter: 1
 Planning Time: 15.197 ms
 Execution Time: 2920.994 ms
(22 rows)



