You are now connected to database "tpch" as user "postgres".
SET
                                                   QUERY PLAN                                                    
-----------------------------------------------------------------------------------------------------------------
 Seq Scan on customer  (cost=0.00..5460.00 rows=13407 width=159) (actual time=0.406..152.094 rows=13559 loops=1)
   Filter: (c_acctbal < '-10'::numeric)
   Rows Removed by Filter: 136441
 Planning Time: 7.527 ms
 Execution Time: 153.962 ms
(5 rows)



You are now connected to database "tpch" as user "postgres".
SET
                                                   QUERY PLAN                                                    
-----------------------------------------------------------------------------------------------------------------
 Seq Scan on customer  (cost=0.00..5460.00 rows=13407 width=159) (actual time=0.383..146.611 rows=13559 loops=1)
   Filter: (c_acctbal < '-10'::numeric)
   Rows Removed by Filter: 136441
 Planning Time: 8.006 ms
 Execution Time: 148.409 ms
(5 rows)



You are now connected to database "tpch" as user "postgres".
SET
                                                   QUERY PLAN                                                    
-----------------------------------------------------------------------------------------------------------------
 Seq Scan on customer  (cost=0.00..5460.00 rows=13407 width=159) (actual time=0.164..102.793 rows=13559 loops=1)
   Filter: (c_acctbal < '-10'::numeric)
   Rows Removed by Filter: 136441
 Planning Time: 3.495 ms
 Execution Time: 104.024 ms
(5 rows)



You are now connected to database "tpch" as user "postgres".
SET
                                                   QUERY PLAN                                                    
-----------------------------------------------------------------------------------------------------------------
 Seq Scan on customer  (cost=0.00..5460.00 rows=13407 width=159) (actual time=0.454..154.428 rows=13559 loops=1)
   Filter: (c_acctbal < '-10'::numeric)
   Rows Removed by Filter: 136441
 Planning Time: 8.189 ms
 Execution Time: 156.258 ms
(5 rows)



You are now connected to database "tpch" as user "postgres".
SET
                                                   QUERY PLAN                                                    
-----------------------------------------------------------------------------------------------------------------
 Seq Scan on customer  (cost=0.00..5460.00 rows=13407 width=159) (actual time=0.425..103.875 rows=13559 loops=1)
   Filter: (c_acctbal < '-10'::numeric)
   Rows Removed by Filter: 136441
 Planning Time: 7.289 ms
 Execution Time: 105.371 ms
(5 rows)



