You are now connected to database "tpch" as user "postgres".
                                                                                QUERY PLAN                                                                                
--------------------------------------------------------------------------------------------------------------------------------------------------------------------------
 Limit  (cost=38280.45..38280.47 rows=10 width=44) (actual time=575.692..580.683 rows=10 loops=1)
   ->  Sort  (cost=38280.45..38281.67 rows=488 width=44) (actual time=575.690..580.679 rows=10 loops=1)
         Sort Key: (sum((lineitem.l_extendedprice * ('1'::numeric - lineitem.l_discount)))) DESC, orders.o_orderdate
         Sort Method: top-N heapsort  Memory: 26kB
         ->  Finalize GroupAggregate  (cost=38205.78..38269.90 rows=488 width=44) (actual time=575.095..580.536 rows=113 loops=1)
               Group Key: lineitem.l_orderkey, orders.o_orderdate, orders.o_shippriority
               ->  Gather Merge  (cost=38205.78..38258.73 rows=406 width=44) (actual time=575.068..580.300 rows=113 loops=1)
                     Workers Planned: 2
                     Workers Launched: 2
                     ->  Partial GroupAggregate  (cost=37205.75..37211.84 rows=203 width=44) (actual time=562.707..562.900 rows=38 loops=3)
                           Group Key: lineitem.l_orderkey, orders.o_orderdate, orders.o_shippriority
                           ->  Sort  (cost=37205.75..37206.26 rows=203 width=24) (actual time=562.657..562.674 rows=146 loops=3)
                                 Sort Key: lineitem.l_orderkey, orders.o_orderdate, orders.o_shippriority
                                 Sort Method: quicksort  Memory: 36kB
                                 Worker 0:  Sort Method: quicksort  Memory: 35kB
                                 Worker 1:  Sort Method: quicksort  Memory: 37kB
                                 ->  Nested Loop  (cost=0.85..37197.97 rows=203 width=24) (actual time=25.160..562.309 rows=146 loops=3)
                                       ->  Nested Loop  (cost=0.42..35551.98 rows=51 width=12) (actual time=23.985..527.548 rows=38 loops=3)
                                             ->  Parallel Seq Scan on orders  (cost=0.00..33907.50 rows=256 width=16) (actual time=4.233..418.750 rows=207 loops=3)
                                                   Filter: (o_orderdate < '1992-01-02'::date)
                                                   Rows Removed by Filter: 499793
                                             ->  Index Scan using customer_pkey on customer  (cost=0.42..6.42 rows=1 width=4) (actual time=0.522..0.522 rows=0 loops=621)
                                                   Index Cond: (c_custkey = orders.o_custkey)
                                                   Filter: (c_mktsegment = 'AUTOMOBILE'::bpchar)
                                                   Rows Removed by Filter: 1
                                       ->  Index Scan using lineitem_pkey on lineitem  (cost=0.43..32.12 rows=15 width=16) (actual time=0.900..0.918 rows=4 loops=113)
                                             Index Cond: (l_orderkey = orders.o_orderkey)
                                             Filter: (l_shipdate > '1992-01-02'::date)
                                             Rows Removed by Filter: 0
 Planning Time: 20.822 ms
 Execution Time: 581.734 ms
(31 rows)



You are now connected to database "tpch" as user "postgres".
                                                                                QUERY PLAN                                                                                
--------------------------------------------------------------------------------------------------------------------------------------------------------------------------
 Limit  (cost=38280.45..38280.47 rows=10 width=44) (actual time=550.333..556.962 rows=10 loops=1)
   ->  Sort  (cost=38280.45..38281.67 rows=488 width=44) (actual time=550.323..556.948 rows=10 loops=1)
         Sort Key: (sum((lineitem.l_extendedprice * ('1'::numeric - lineitem.l_discount)))) DESC, orders.o_orderdate
         Sort Method: top-N heapsort  Memory: 26kB
         ->  Finalize GroupAggregate  (cost=38205.78..38269.90 rows=488 width=44) (actual time=549.665..556.817 rows=113 loops=1)
               Group Key: lineitem.l_orderkey, orders.o_orderdate, orders.o_shippriority
               ->  Gather Merge  (cost=38205.78..38258.73 rows=406 width=44) (actual time=549.605..556.605 rows=113 loops=1)
                     Workers Planned: 2
                     Workers Launched: 2
                     ->  Partial GroupAggregate  (cost=37205.75..37211.84 rows=203 width=44) (actual time=539.942..540.159 rows=38 loops=3)
                           Group Key: lineitem.l_orderkey, orders.o_orderdate, orders.o_shippriority
                           ->  Sort  (cost=37205.75..37206.26 rows=203 width=24) (actual time=539.867..539.882 rows=146 loops=3)
                                 Sort Key: lineitem.l_orderkey, orders.o_orderdate, orders.o_shippriority
                                 Sort Method: quicksort  Memory: 34kB
                                 Worker 0:  Sort Method: quicksort  Memory: 34kB
                                 Worker 1:  Sort Method: quicksort  Memory: 41kB
                                 ->  Nested Loop  (cost=0.85..37197.97 rows=203 width=24) (actual time=11.768..539.475 rows=146 loops=3)
                                       ->  Nested Loop  (cost=0.42..35551.98 rows=51 width=12) (actual time=11.013..511.792 rows=38 loops=3)
                                             ->  Parallel Seq Scan on orders  (cost=0.00..33907.50 rows=256 width=16) (actual time=5.408..414.428 rows=207 loops=3)
                                                   Filter: (o_orderdate < '1992-01-02'::date)
                                                   Rows Removed by Filter: 499793
                                             ->  Index Scan using customer_pkey on customer  (cost=0.42..6.42 rows=1 width=4) (actual time=0.467..0.467 rows=0 loops=621)
                                                   Index Cond: (c_custkey = orders.o_custkey)
                                                   Filter: (c_mktsegment = 'AUTOMOBILE'::bpchar)
                                                   Rows Removed by Filter: 1
                                       ->  Index Scan using lineitem_pkey on lineitem  (cost=0.43..32.12 rows=15 width=16) (actual time=0.709..0.730 rows=4 loops=113)
                                             Index Cond: (l_orderkey = orders.o_orderkey)
                                             Filter: (l_shipdate > '1992-01-02'::date)
                                             Rows Removed by Filter: 0
 Planning Time: 18.249 ms
 Execution Time: 557.874 ms
(31 rows)



You are now connected to database "tpch" as user "postgres".
                                                                                QUERY PLAN                                                                                
--------------------------------------------------------------------------------------------------------------------------------------------------------------------------
 Limit  (cost=38280.45..38280.47 rows=10 width=44) (actual time=434.535..437.153 rows=10 loops=1)
   ->  Sort  (cost=38280.45..38281.67 rows=488 width=44) (actual time=434.533..437.149 rows=10 loops=1)
         Sort Key: (sum((lineitem.l_extendedprice * ('1'::numeric - lineitem.l_discount)))) DESC, orders.o_orderdate
         Sort Method: top-N heapsort  Memory: 26kB
         ->  Finalize GroupAggregate  (cost=38205.78..38269.90 rows=488 width=44) (actual time=434.128..437.040 rows=113 loops=1)
               Group Key: lineitem.l_orderkey, orders.o_orderdate, orders.o_shippriority
               ->  Gather Merge  (cost=38205.78..38258.73 rows=406 width=44) (actual time=434.114..436.883 rows=113 loops=1)
                     Workers Planned: 2
                     Workers Launched: 2
                     ->  Partial GroupAggregate  (cost=37205.75..37211.84 rows=203 width=44) (actual time=424.431..424.574 rows=38 loops=3)
                           Group Key: lineitem.l_orderkey, orders.o_orderdate, orders.o_shippriority
                           ->  Sort  (cost=37205.75..37206.26 rows=203 width=24) (actual time=424.410..424.422 rows=146 loops=3)
                                 Sort Key: lineitem.l_orderkey, orders.o_orderdate, orders.o_shippriority
                                 Sort Method: quicksort  Memory: 35kB
                                 Worker 0:  Sort Method: quicksort  Memory: 38kB
                                 Worker 1:  Sort Method: quicksort  Memory: 34kB
                                 ->  Nested Loop  (cost=0.85..37197.97 rows=203 width=24) (actual time=13.817..424.141 rows=146 loops=3)
                                       ->  Nested Loop  (cost=0.42..35551.98 rows=51 width=12) (actual time=13.173..398.917 rows=38 loops=3)
                                             ->  Parallel Seq Scan on orders  (cost=0.00..33907.50 rows=256 width=16) (actual time=8.397..325.776 rows=207 loops=3)
                                                   Filter: (o_orderdate < '1992-01-02'::date)
                                                   Rows Removed by Filter: 499793
                                             ->  Index Scan using customer_pkey on customer  (cost=0.42..6.42 rows=1 width=4) (actual time=0.350..0.350 rows=0 loops=621)
                                                   Index Cond: (c_custkey = orders.o_custkey)
                                                   Filter: (c_mktsegment = 'AUTOMOBILE'::bpchar)
                                                   Rows Removed by Filter: 1
                                       ->  Index Scan using lineitem_pkey on lineitem  (cost=0.43..32.12 rows=15 width=16) (actual time=0.635..0.665 rows=4 loops=113)
                                             Index Cond: (l_orderkey = orders.o_orderkey)
                                             Filter: (l_shipdate > '1992-01-02'::date)
                                             Rows Removed by Filter: 0
 Planning Time: 20.706 ms
 Execution Time: 438.023 ms
(31 rows)



You are now connected to database "tpch" as user "postgres".
                                                                                QUERY PLAN                                                                                
--------------------------------------------------------------------------------------------------------------------------------------------------------------------------
 Limit  (cost=38280.45..38280.47 rows=10 width=44) (actual time=469.607..474.434 rows=10 loops=1)
   ->  Sort  (cost=38280.45..38281.67 rows=488 width=44) (actual time=469.606..474.431 rows=10 loops=1)
         Sort Key: (sum((lineitem.l_extendedprice * ('1'::numeric - lineitem.l_discount)))) DESC, orders.o_orderdate
         Sort Method: top-N heapsort  Memory: 26kB
         ->  Finalize GroupAggregate  (cost=38205.78..38269.90 rows=488 width=44) (actual time=469.202..474.314 rows=113 loops=1)
               Group Key: lineitem.l_orderkey, orders.o_orderdate, orders.o_shippriority
               ->  Gather Merge  (cost=38205.78..38258.73 rows=406 width=44) (actual time=469.177..474.156 rows=113 loops=1)
                     Workers Planned: 2
                     Workers Launched: 2
                     ->  Partial GroupAggregate  (cost=37205.75..37211.84 rows=203 width=44) (actual time=459.630..459.755 rows=38 loops=3)
                           Group Key: lineitem.l_orderkey, orders.o_orderdate, orders.o_shippriority
                           ->  Sort  (cost=37205.75..37206.26 rows=203 width=24) (actual time=459.602..459.614 rows=146 loops=3)
                                 Sort Key: lineitem.l_orderkey, orders.o_orderdate, orders.o_shippriority
                                 Sort Method: quicksort  Memory: 35kB
                                 Worker 0:  Sort Method: quicksort  Memory: 37kB
                                 Worker 1:  Sort Method: quicksort  Memory: 36kB
                                 ->  Nested Loop  (cost=0.85..37197.97 rows=203 width=24) (actual time=11.034..459.301 rows=146 loops=3)
                                       ->  Nested Loop  (cost=0.42..35551.98 rows=51 width=12) (actual time=10.410..432.504 rows=38 loops=3)
                                             ->  Parallel Seq Scan on orders  (cost=0.00..33907.50 rows=256 width=16) (actual time=1.981..353.625 rows=207 loops=3)
                                                   Filter: (o_orderdate < '1992-01-02'::date)
                                                   Rows Removed by Filter: 499793
                                             ->  Index Scan using customer_pkey on customer  (cost=0.42..6.42 rows=1 width=4) (actual time=0.378..0.378 rows=0 loops=621)
                                                   Index Cond: (c_custkey = orders.o_custkey)
                                                   Filter: (c_mktsegment = 'AUTOMOBILE'::bpchar)
                                                   Rows Removed by Filter: 1
                                       ->  Index Scan using lineitem_pkey on lineitem  (cost=0.43..32.12 rows=15 width=16) (actual time=0.686..0.706 rows=4 loops=113)
                                             Index Cond: (l_orderkey = orders.o_orderkey)
                                             Filter: (l_shipdate > '1992-01-02'::date)
                                             Rows Removed by Filter: 0
 Planning Time: 18.077 ms
 Execution Time: 475.514 ms
(31 rows)



You are now connected to database "tpch" as user "postgres".
                                                                                QUERY PLAN                                                                                
--------------------------------------------------------------------------------------------------------------------------------------------------------------------------
 Limit  (cost=38280.45..38280.47 rows=10 width=44) (actual time=402.933..403.259 rows=10 loops=1)
   ->  Sort  (cost=38280.45..38281.67 rows=488 width=44) (actual time=402.932..403.256 rows=10 loops=1)
         Sort Key: (sum((lineitem.l_extendedprice * ('1'::numeric - lineitem.l_discount)))) DESC, orders.o_orderdate
         Sort Method: top-N heapsort  Memory: 26kB
         ->  Finalize GroupAggregate  (cost=38205.78..38269.90 rows=488 width=44) (actual time=402.514..403.161 rows=113 loops=1)
               Group Key: lineitem.l_orderkey, orders.o_orderdate, orders.o_shippriority
               ->  Gather Merge  (cost=38205.78..38258.73 rows=406 width=44) (actual time=402.499..403.015 rows=113 loops=1)
                     Workers Planned: 2
                     Workers Launched: 2
                     ->  Partial GroupAggregate  (cost=37205.75..37211.84 rows=203 width=44) (actual time=393.599..393.728 rows=38 loops=3)
                           Group Key: lineitem.l_orderkey, orders.o_orderdate, orders.o_shippriority
                           ->  Sort  (cost=37205.75..37206.26 rows=203 width=24) (actual time=393.571..393.582 rows=146 loops=3)
                                 Sort Key: lineitem.l_orderkey, orders.o_orderdate, orders.o_shippriority
                                 Sort Method: quicksort  Memory: 38kB
                                 Worker 0:  Sort Method: quicksort  Memory: 33kB
                                 Worker 1:  Sort Method: quicksort  Memory: 36kB
                                 ->  Nested Loop  (cost=0.85..37197.97 rows=203 width=24) (actual time=7.223..393.322 rows=146 loops=3)
                                       ->  Nested Loop  (cost=0.42..35551.98 rows=51 width=12) (actual time=6.487..371.550 rows=38 loops=3)
                                             ->  Parallel Seq Scan on orders  (cost=0.00..33907.50 rows=256 width=16) (actual time=0.883..300.607 rows=207 loops=3)
                                                   Filter: (o_orderdate < '1992-01-02'::date)
                                                   Rows Removed by Filter: 499793
                                             ->  Index Scan using customer_pkey on customer  (cost=0.42..6.42 rows=1 width=4) (actual time=0.340..0.340 rows=0 loops=621)
                                                   Index Cond: (c_custkey = orders.o_custkey)
                                                   Filter: (c_mktsegment = 'AUTOMOBILE'::bpchar)
                                                   Rows Removed by Filter: 1
                                       ->  Index Scan using lineitem_pkey on lineitem  (cost=0.43..32.12 rows=15 width=16) (actual time=0.552..0.574 rows=4 loops=113)
                                             Index Cond: (l_orderkey = orders.o_orderkey)
                                             Filter: (l_shipdate > '1992-01-02'::date)
                                             Rows Removed by Filter: 0
 Planning Time: 10.173 ms
 Execution Time: 403.747 ms
(31 rows)



