You are now connected to database "tpch" as user "postgres".
SET
                                                   QUERY PLAN                                                    
-----------------------------------------------------------------------------------------------------------------
 Seq Scan on customer  (cost=0.00..5460.00 rows=13407 width=159) (actual time=0.287..151.758 rows=13559 loops=1)
   Filter: (c_acctbal < '-10'::numeric)
   Rows Removed by Filter: 136441
 Planning Time: 5.276 ms
 Execution Time: 153.284 ms
(5 rows)



You are now connected to database "tpch" as user "postgres".
SET
                                                   QUERY PLAN                                                   
----------------------------------------------------------------------------------------------------------------
 Seq Scan on customer  (cost=0.00..5460.00 rows=13407 width=159) (actual time=0.342..97.115 rows=13559 loops=1)
   Filter: (c_acctbal < '-10'::numeric)
   Rows Removed by Filter: 136441
 Planning Time: 5.810 ms
 Execution Time: 98.526 ms
(5 rows)



You are now connected to database "tpch" as user "postgres".
SET
                                                   QUERY PLAN                                                    
-----------------------------------------------------------------------------------------------------------------
 Seq Scan on customer  (cost=0.00..5460.00 rows=13407 width=159) (actual time=0.400..112.085 rows=13559 loops=1)
   Filter: (c_acctbal < '-10'::numeric)
   Rows Removed by Filter: 136441
 Planning Time: 7.712 ms
 Execution Time: 113.742 ms
(5 rows)



You are now connected to database "tpch" as user "postgres".
SET
                                                   QUERY PLAN                                                    
-----------------------------------------------------------------------------------------------------------------
 Seq Scan on customer  (cost=0.00..5460.00 rows=13407 width=159) (actual time=0.390..135.130 rows=13559 loops=1)
   Filter: (c_acctbal < '-10'::numeric)
   Rows Removed by Filter: 136441
 Planning Time: 6.609 ms
 Execution Time: 136.641 ms
(5 rows)



You are now connected to database "tpch" as user "postgres".
SET
                                                   QUERY PLAN                                                   
----------------------------------------------------------------------------------------------------------------
 Seq Scan on customer  (cost=0.00..5460.00 rows=13407 width=159) (actual time=0.427..99.880 rows=13559 loops=1)
   Filter: (c_acctbal < '-10'::numeric)
   Rows Removed by Filter: 136441
 Planning Time: 7.008 ms
 Execution Time: 101.425 ms
(5 rows)



