You are now connected to database "tpch" as user "postgres".
                                                                                QUERY PLAN                                                                                
--------------------------------------------------------------------------------------------------------------------------------------------------------------------------
 Limit  (cost=38280.45..38280.47 rows=10 width=44) (actual time=1611.049..1611.891 rows=10 loops=1)
   ->  Sort  (cost=38280.45..38281.67 rows=488 width=44) (actual time=1611.047..1611.887 rows=10 loops=1)
         Sort Key: (sum((lineitem.l_extendedprice * ('1'::numeric - lineitem.l_discount)))) DESC, orders.o_orderdate
         Sort Method: top-N heapsort  Memory: 26kB
         ->  Finalize GroupAggregate  (cost=38205.78..38269.90 rows=488 width=44) (actual time=1610.410..1611.700 rows=113 loops=1)
               Group Key: lineitem.l_orderkey, orders.o_orderdate, orders.o_shippriority
               ->  Gather Merge  (cost=38205.78..38258.73 rows=406 width=44) (actual time=1610.386..1611.486 rows=113 loops=1)
                     Workers Planned: 2
                     Workers Launched: 2
                     ->  Partial GroupAggregate  (cost=37205.75..37211.84 rows=203 width=44) (actual time=1595.736..1595.936 rows=38 loops=3)
                           Group Key: lineitem.l_orderkey, orders.o_orderdate, orders.o_shippriority
                           ->  Sort  (cost=37205.75..37206.26 rows=203 width=24) (actual time=1595.708..1595.728 rows=146 loops=3)
                                 Sort Key: lineitem.l_orderkey, orders.o_orderdate, orders.o_shippriority
                                 Sort Method: quicksort  Memory: 37kB
                                 Worker 0:  Sort Method: quicksort  Memory: 35kB
                                 Worker 1:  Sort Method: quicksort  Memory: 36kB
                                 ->  Nested Loop  (cost=0.85..37197.97 rows=203 width=24) (actual time=25.558..1595.258 rows=146 loops=3)
                                       ->  Nested Loop  (cost=0.42..35551.98 rows=51 width=12) (actual time=22.463..1436.571 rows=38 loops=3)
                                             ->  Parallel Seq Scan on orders  (cost=0.00..33907.50 rows=256 width=16) (actual time=3.988..1212.758 rows=207 loops=3)
                                                   Filter: (o_orderdate < '1992-01-02'::date)
                                                   Rows Removed by Filter: 499793
                                             ->  Index Scan using customer_pkey on customer  (cost=0.42..6.42 rows=1 width=4) (actual time=1.077..1.077 rows=0 loops=621)
                                                   Index Cond: (c_custkey = orders.o_custkey)
                                                   Filter: (c_mktsegment = 'AUTOMOBILE'::bpchar)
                                                   Rows Removed by Filter: 1
                                       ->  Index Scan using lineitem_pkey on lineitem  (cost=0.43..32.12 rows=15 width=16) (actual time=4.030..4.207 rows=4 loops=113)
                                             Index Cond: (l_orderkey = orders.o_orderkey)
                                             Filter: (l_shipdate > '1992-01-02'::date)
                                             Rows Removed by Filter: 0
 Planning Time: 34.728 ms
 Execution Time: 1613.089 ms
(31 rows)



You are now connected to database "tpch" as user "postgres".
                                                                                QUERY PLAN                                                                                
--------------------------------------------------------------------------------------------------------------------------------------------------------------------------
 Limit  (cost=38280.45..38280.47 rows=10 width=44) (actual time=392.244..393.368 rows=10 loops=1)
   ->  Sort  (cost=38280.45..38281.67 rows=488 width=44) (actual time=392.242..393.364 rows=10 loops=1)
         Sort Key: (sum((lineitem.l_extendedprice * ('1'::numeric - lineitem.l_discount)))) DESC, orders.o_orderdate
         Sort Method: top-N heapsort  Memory: 26kB
         ->  Finalize GroupAggregate  (cost=38205.78..38269.90 rows=488 width=44) (actual time=391.853..393.267 rows=113 loops=1)
               Group Key: lineitem.l_orderkey, orders.o_orderdate, orders.o_shippriority
               ->  Gather Merge  (cost=38205.78..38258.73 rows=406 width=44) (actual time=391.833..393.107 rows=113 loops=1)
                     Workers Planned: 2
                     Workers Launched: 2
                     ->  Partial GroupAggregate  (cost=37205.75..37211.84 rows=203 width=44) (actual time=381.162..381.288 rows=38 loops=3)
                           Group Key: lineitem.l_orderkey, orders.o_orderdate, orders.o_shippriority
                           ->  Sort  (cost=37205.75..37206.26 rows=203 width=24) (actual time=381.138..381.150 rows=146 loops=3)
                                 Sort Key: lineitem.l_orderkey, orders.o_orderdate, orders.o_shippriority
                                 Sort Method: quicksort  Memory: 34kB
                                 Worker 0:  Sort Method: quicksort  Memory: 39kB
                                 Worker 1:  Sort Method: quicksort  Memory: 35kB
                                 ->  Nested Loop  (cost=0.85..37197.97 rows=203 width=24) (actual time=6.057..380.886 rows=146 loops=3)
                                       ->  Nested Loop  (cost=0.42..35551.98 rows=51 width=12) (actual time=5.396..359.232 rows=38 loops=3)
                                             ->  Parallel Seq Scan on orders  (cost=0.00..33907.50 rows=256 width=16) (actual time=4.236..290.612 rows=207 loops=3)
                                                   Filter: (o_orderdate < '1992-01-02'::date)
                                                   Rows Removed by Filter: 499793
                                             ->  Index Scan using customer_pkey on customer  (cost=0.42..6.42 rows=1 width=4) (actual time=0.328..0.328 rows=0 loops=621)
                                                   Index Cond: (c_custkey = orders.o_custkey)
                                                   Filter: (c_mktsegment = 'AUTOMOBILE'::bpchar)
                                                   Rows Removed by Filter: 1
                                       ->  Index Scan using lineitem_pkey on lineitem  (cost=0.43..32.12 rows=15 width=16) (actual time=0.552..0.571 rows=4 loops=113)
                                             Index Cond: (l_orderkey = orders.o_orderkey)
                                             Filter: (l_shipdate > '1992-01-02'::date)
                                             Rows Removed by Filter: 0
 Planning Time: 20.196 ms
 Execution Time: 394.121 ms
(31 rows)



You are now connected to database "tpch" as user "postgres".
                                                                                QUERY PLAN                                                                                
--------------------------------------------------------------------------------------------------------------------------------------------------------------------------
 Limit  (cost=38280.45..38280.47 rows=10 width=44) (actual time=420.405..425.877 rows=10 loops=1)
   ->  Sort  (cost=38280.45..38281.67 rows=488 width=44) (actual time=420.404..425.874 rows=10 loops=1)
         Sort Key: (sum((lineitem.l_extendedprice * ('1'::numeric - lineitem.l_discount)))) DESC, orders.o_orderdate
         Sort Method: top-N heapsort  Memory: 26kB
         ->  Finalize GroupAggregate  (cost=38205.78..38269.90 rows=488 width=44) (actual time=419.973..425.785 rows=113 loops=1)
               Group Key: lineitem.l_orderkey, orders.o_orderdate, orders.o_shippriority
               ->  Gather Merge  (cost=38205.78..38258.73 rows=406 width=44) (actual time=419.960..425.637 rows=113 loops=1)
                     Workers Planned: 2
                     Workers Launched: 2
                     ->  Partial GroupAggregate  (cost=37205.75..37211.84 rows=203 width=44) (actual time=411.638..411.761 rows=38 loops=3)
                           Group Key: lineitem.l_orderkey, orders.o_orderdate, orders.o_shippriority
                           ->  Sort  (cost=37205.75..37206.26 rows=203 width=24) (actual time=411.610..411.621 rows=146 loops=3)
                                 Sort Key: lineitem.l_orderkey, orders.o_orderdate, orders.o_shippriority
                                 Sort Method: quicksort  Memory: 40kB
                                 Worker 0:  Sort Method: quicksort  Memory: 35kB
                                 Worker 1:  Sort Method: quicksort  Memory: 33kB
                                 ->  Nested Loop  (cost=0.85..37197.97 rows=203 width=24) (actual time=11.947..411.380 rows=146 loops=3)
                                       ->  Nested Loop  (cost=0.42..35551.98 rows=51 width=12) (actual time=11.222..389.139 rows=38 loops=3)
                                             ->  Parallel Seq Scan on orders  (cost=0.00..33907.50 rows=256 width=16) (actual time=5.244..319.642 rows=207 loops=3)
                                                   Filter: (o_orderdate < '1992-01-02'::date)
                                                   Rows Removed by Filter: 499793
                                             ->  Index Scan using customer_pkey on customer  (cost=0.42..6.42 rows=1 width=4) (actual time=0.333..0.333 rows=0 loops=621)
                                                   Index Cond: (c_custkey = orders.o_custkey)
                                                   Filter: (c_mktsegment = 'AUTOMOBILE'::bpchar)
                                                   Rows Removed by Filter: 1
                                       ->  Index Scan using lineitem_pkey on lineitem  (cost=0.43..32.12 rows=15 width=16) (actual time=0.564..0.586 rows=4 loops=113)
                                             Index Cond: (l_orderkey = orders.o_orderkey)
                                             Filter: (l_shipdate > '1992-01-02'::date)
                                             Rows Removed by Filter: 0
 Planning Time: 16.991 ms
 Execution Time: 426.487 ms
(31 rows)



You are now connected to database "tpch" as user "postgres".
                                                                                QUERY PLAN                                                                                
--------------------------------------------------------------------------------------------------------------------------------------------------------------------------
 Limit  (cost=38280.45..38280.47 rows=10 width=44) (actual time=470.855..471.221 rows=10 loops=1)
   ->  Sort  (cost=38280.45..38281.67 rows=488 width=44) (actual time=470.848..471.213 rows=10 loops=1)
         Sort Key: (sum((lineitem.l_extendedprice * ('1'::numeric - lineitem.l_discount)))) DESC, orders.o_orderdate
         Sort Method: top-N heapsort  Memory: 26kB
         ->  Finalize GroupAggregate  (cost=38205.78..38269.90 rows=488 width=44) (actual time=470.365..471.039 rows=113 loops=1)
               Group Key: lineitem.l_orderkey, orders.o_orderdate, orders.o_shippriority
               ->  Gather Merge  (cost=38205.78..38258.73 rows=406 width=44) (actual time=470.349..470.893 rows=113 loops=1)
                     Workers Planned: 2
                     Workers Launched: 2
                     ->  Partial GroupAggregate  (cost=37205.75..37211.84 rows=203 width=44) (actual time=457.321..457.442 rows=38 loops=3)
                           Group Key: lineitem.l_orderkey, orders.o_orderdate, orders.o_shippriority
                           ->  Sort  (cost=37205.75..37206.26 rows=203 width=24) (actual time=457.289..457.301 rows=146 loops=3)
                                 Sort Key: lineitem.l_orderkey, orders.o_orderdate, orders.o_shippriority
                                 Sort Method: quicksort  Memory: 39kB
                                 Worker 0:  Sort Method: quicksort  Memory: 37kB
                                 Worker 1:  Sort Method: quicksort  Memory: 32kB
                                 ->  Nested Loop  (cost=0.85..37197.97 rows=203 width=24) (actual time=20.325..456.994 rows=146 loops=3)
                                       ->  Nested Loop  (cost=0.42..35551.98 rows=51 width=12) (actual time=19.707..432.235 rows=38 loops=3)
                                             ->  Parallel Seq Scan on orders  (cost=0.00..33907.50 rows=256 width=16) (actual time=2.090..353.193 rows=207 loops=3)
                                                   Filter: (o_orderdate < '1992-01-02'::date)
                                                   Rows Removed by Filter: 499793
                                             ->  Index Scan using customer_pkey on customer  (cost=0.42..6.42 rows=1 width=4) (actual time=0.379..0.379 rows=0 loops=621)
                                                   Index Cond: (c_custkey = orders.o_custkey)
                                                   Filter: (c_mktsegment = 'AUTOMOBILE'::bpchar)
                                                   Rows Removed by Filter: 1
                                       ->  Index Scan using lineitem_pkey on lineitem  (cost=0.43..32.12 rows=15 width=16) (actual time=0.633..0.653 rows=4 loops=113)
                                             Index Cond: (l_orderkey = orders.o_orderkey)
                                             Filter: (l_shipdate > '1992-01-02'::date)
                                             Rows Removed by Filter: 0
 Planning Time: 24.191 ms
 Execution Time: 472.579 ms
(31 rows)



You are now connected to database "tpch" as user "postgres".
                                                                                QUERY PLAN                                                                                
--------------------------------------------------------------------------------------------------------------------------------------------------------------------------
 Limit  (cost=38280.45..38280.47 rows=10 width=44) (actual time=401.783..404.318 rows=10 loops=1)
   ->  Sort  (cost=38280.45..38281.67 rows=488 width=44) (actual time=401.782..404.316 rows=10 loops=1)
         Sort Key: (sum((lineitem.l_extendedprice * ('1'::numeric - lineitem.l_discount)))) DESC, orders.o_orderdate
         Sort Method: top-N heapsort  Memory: 26kB
         ->  Finalize GroupAggregate  (cost=38205.78..38269.90 rows=488 width=44) (actual time=401.428..404.225 rows=113 loops=1)
               Group Key: lineitem.l_orderkey, orders.o_orderdate, orders.o_shippriority
               ->  Gather Merge  (cost=38205.78..38258.73 rows=406 width=44) (actual time=401.411..404.079 rows=113 loops=1)
                     Workers Planned: 2
                     Workers Launched: 2
                     ->  Partial GroupAggregate  (cost=37205.75..37211.84 rows=203 width=44) (actual time=392.114..392.247 rows=38 loops=3)
                           Group Key: lineitem.l_orderkey, orders.o_orderdate, orders.o_shippriority
                           ->  Sort  (cost=37205.75..37206.26 rows=203 width=24) (actual time=392.092..392.104 rows=146 loops=3)
                                 Sort Key: lineitem.l_orderkey, orders.o_orderdate, orders.o_shippriority
                                 Sort Method: quicksort  Memory: 34kB
                                 Worker 0:  Sort Method: quicksort  Memory: 38kB
                                 Worker 1:  Sort Method: quicksort  Memory: 36kB
                                 ->  Nested Loop  (cost=0.85..37197.97 rows=203 width=24) (actual time=6.181..391.880 rows=146 loops=3)
                                       ->  Nested Loop  (cost=0.42..35551.98 rows=51 width=12) (actual time=5.619..371.412 rows=38 loops=3)
                                             ->  Parallel Seq Scan on orders  (cost=0.00..33907.50 rows=256 width=16) (actual time=3.556..304.520 rows=207 loops=3)
                                                   Filter: (o_orderdate < '1992-01-02'::date)
                                                   Rows Removed by Filter: 499793
                                             ->  Index Scan using customer_pkey on customer  (cost=0.42..6.42 rows=1 width=4) (actual time=0.320..0.320 rows=0 loops=621)
                                                   Index Cond: (c_custkey = orders.o_custkey)
                                                   Filter: (c_mktsegment = 'AUTOMOBILE'::bpchar)
                                                   Rows Removed by Filter: 1
                                       ->  Index Scan using lineitem_pkey on lineitem  (cost=0.43..32.12 rows=15 width=16) (actual time=0.520..0.539 rows=4 loops=113)
                                             Index Cond: (l_orderkey = orders.o_orderkey)
                                             Filter: (l_shipdate > '1992-01-02'::date)
                                             Rows Removed by Filter: 0
 Planning Time: 21.416 ms
 Execution Time: 405.177 ms
(31 rows)



