You are now connected to database "tpch" as user "postgres".
                                                                         QUERY PLAN                                                                          
-------------------------------------------------------------------------------------------------------------------------------------------------------------
 Finalize GroupAggregate  (cost=57528.16..57629.09 rows=757 width=72) (actual time=1020.120..1037.947 rows=7 loops=1)
   Group Key: ("substring"((customer.c_phone)::text, 1, 2))
   InitPlan 1 (returns $1)
     ->  Finalize Aggregate  (cost=6230.82..6230.84 rows=1 width=32) (actual time=143.452..143.533 rows=1 loops=1)
           ->  Gather  (cost=6230.60..6230.81 rows=2 width=32) (actual time=142.936..143.471 rows=3 loops=1)
                 Workers Planned: 2
                 Workers Launched: 2
                 ->  Partial Aggregate  (cost=5230.60..5230.61 rows=1 width=32) (actual time=132.808..132.809 rows=1 loops=3)
                       ->  Parallel Seq Scan on customer customer_1  (cost=0.00..5225.62 rows=1990 width=6) (actual time=0.079..130.677 rows=12559 loops=3)
                             Filter: ((c_acctbal > 0.00) AND ("substring"((c_phone)::text, 1, 2) = ANY ('{30,17,25,10,22,15,21}'::text[])))
                             Rows Removed by Filter: 37441
   ->  Gather Merge  (cost=51297.32..51378.70 rows=630 width=72) (actual time=1019.997..1037.811 rows=21 loops=1)
         Workers Planned: 2
         Params Evaluated: $1
         Workers Launched: 2
         ->  Partial GroupAggregate  (cost=50297.30..50305.96 rows=315 width=72) (actual time=865.083..865.607 rows=7 loops=3)
               Group Key: ("substring"((customer.c_phone)::text, 1, 2))
               ->  Sort  (cost=50297.30..50298.09 rows=315 width=38) (actual time=864.977..865.112 rows=2094 loops=3)
                     Sort Key: ("substring"((customer.c_phone)::text, 1, 2))
                     Sort Method: quicksort  Memory: 134kB
                     Worker 0:  Sort Method: quicksort  Memory: 216kB
                     Worker 1:  Sort Method: quicksort  Memory: 138kB
                     ->  Parallel Hash Anti Join  (cost=42599.50..50284.23 rows=315 width=38) (actual time=749.805..863.030 rows=2094 loops=3)
                           Hash Cond: (customer.c_custkey = orders.o_custkey)
                           ->  Parallel Seq Scan on customer  (cost=0.00..5225.62 rows=729 width=26) (actual time=0.069..46.964 rows=6249 loops=3)
                                 Filter: ((c_acctbal > $1) AND ("substring"((c_phone)::text, 1, 2) = ANY ('{30,17,25,10,22,15,21}'::text[])))
                                 Rows Removed by Filter: 43751
                           ->  Parallel Hash  (cost=32345.00..32345.00 rows=625000 width=4) (actual time=669.159..669.160 rows=500000 loops=3)
                                 Buckets: 131072  Batches: 32  Memory Usage: 2976kB
                                 ->  Parallel Seq Scan on orders  (cost=0.00..32345.00 rows=625000 width=4) (actual time=1.781..505.867 rows=500000 loops=3)
 Planning Time: 16.637 ms
 Execution Time: 1039.212 ms
(32 rows)



You are now connected to database "tpch" as user "postgres".
                                                                         QUERY PLAN                                                                          
-------------------------------------------------------------------------------------------------------------------------------------------------------------
 Finalize GroupAggregate  (cost=57528.16..57629.09 rows=757 width=72) (actual time=988.949..1015.904 rows=7 loops=1)
   Group Key: ("substring"((customer.c_phone)::text, 1, 2))
   InitPlan 1 (returns $1)
     ->  Finalize Aggregate  (cost=6230.82..6230.84 rows=1 width=32) (actual time=145.337..145.420 rows=1 loops=1)
           ->  Gather  (cost=6230.60..6230.81 rows=2 width=32) (actual time=141.520..145.255 rows=3 loops=1)
                 Workers Planned: 2
                 Workers Launched: 2
                 ->  Partial Aggregate  (cost=5230.60..5230.61 rows=1 width=32) (actual time=131.886..131.887 rows=1 loops=3)
                       ->  Parallel Seq Scan on customer customer_1  (cost=0.00..5225.62 rows=1990 width=6) (actual time=0.065..129.765 rows=12559 loops=3)
                             Filter: ((c_acctbal > 0.00) AND ("substring"((c_phone)::text, 1, 2) = ANY ('{30,17,25,10,22,15,21}'::text[])))
                             Rows Removed by Filter: 37441
   ->  Gather Merge  (cost=51297.32..51378.70 rows=630 width=72) (actual time=988.812..1015.742 rows=21 loops=1)
         Workers Planned: 2
         Params Evaluated: $1
         Workers Launched: 2
         ->  Partial GroupAggregate  (cost=50297.30..50305.96 rows=315 width=72) (actual time=836.994..837.914 rows=7 loops=3)
               Group Key: ("substring"((customer.c_phone)::text, 1, 2))
               ->  Sort  (cost=50297.30..50298.09 rows=315 width=38) (actual time=836.857..837.004 rows=2094 loops=3)
                     Sort Key: ("substring"((customer.c_phone)::text, 1, 2))
                     Sort Method: quicksort  Memory: 141kB
                     Worker 0:  Sort Method: quicksort  Memory: 203kB
                     Worker 1:  Sort Method: quicksort  Memory: 144kB
                     ->  Parallel Hash Anti Join  (cost=42599.50..50284.23 rows=315 width=38) (actual time=730.890..835.876 rows=2094 loops=3)
                           Hash Cond: (customer.c_custkey = orders.o_custkey)
                           ->  Parallel Seq Scan on customer  (cost=0.00..5225.62 rows=729 width=26) (actual time=0.031..39.430 rows=6249 loops=3)
                                 Filter: ((c_acctbal > $1) AND ("substring"((c_phone)::text, 1, 2) = ANY ('{30,17,25,10,22,15,21}'::text[])))
                                 Rows Removed by Filter: 43751
                           ->  Parallel Hash  (cost=32345.00..32345.00 rows=625000 width=4) (actual time=658.563..658.563 rows=500000 loops=3)
                                 Buckets: 131072  Batches: 32  Memory Usage: 2944kB
                                 ->  Parallel Seq Scan on orders  (cost=0.00..32345.00 rows=625000 width=4) (actual time=0.309..509.319 rows=500000 loops=3)
 Planning Time: 17.023 ms
 Execution Time: 1017.053 ms
(32 rows)



You are now connected to database "tpch" as user "postgres".
                                                                         QUERY PLAN                                                                          
-------------------------------------------------------------------------------------------------------------------------------------------------------------
 Finalize GroupAggregate  (cost=57528.16..57629.09 rows=757 width=72) (actual time=870.138..899.482 rows=7 loops=1)
   Group Key: ("substring"((customer.c_phone)::text, 1, 2))
   InitPlan 1 (returns $1)
     ->  Finalize Aggregate  (cost=6230.82..6230.84 rows=1 width=32) (actual time=118.929..119.077 rows=1 loops=1)
           ->  Gather  (cost=6230.60..6230.81 rows=2 width=32) (actual time=118.880..119.044 rows=3 loops=1)
                 Workers Planned: 2
                 Workers Launched: 2
                 ->  Partial Aggregate  (cost=5230.60..5230.61 rows=1 width=32) (actual time=108.983..108.988 rows=1 loops=3)
                       ->  Parallel Seq Scan on customer customer_1  (cost=0.00..5225.62 rows=1990 width=6) (actual time=0.059..106.981 rows=12559 loops=3)
                             Filter: ((c_acctbal > 0.00) AND ("substring"((c_phone)::text, 1, 2) = ANY ('{30,17,25,10,22,15,21}'::text[])))
                             Rows Removed by Filter: 37441
   ->  Gather Merge  (cost=51297.32..51378.70 rows=630 width=72) (actual time=869.950..899.231 rows=21 loops=1)
         Workers Planned: 2
         Params Evaluated: $1
         Workers Launched: 2
         ->  Partial GroupAggregate  (cost=50297.30..50305.96 rows=315 width=72) (actual time=741.979..742.633 rows=7 loops=3)
               Group Key: ("substring"((customer.c_phone)::text, 1, 2))
               ->  Sort  (cost=50297.30..50298.09 rows=315 width=38) (actual time=741.869..742.048 rows=2094 loops=3)
                     Sort Key: ("substring"((customer.c_phone)::text, 1, 2))
                     Sort Method: quicksort  Memory: 214kB
                     Worker 0:  Sort Method: quicksort  Memory: 131kB
                     Worker 1:  Sort Method: quicksort  Memory: 142kB
                     ->  Parallel Hash Anti Join  (cost=42599.50..50284.23 rows=315 width=38) (actual time=615.228..740.788 rows=2094 loops=3)
                           Hash Cond: (customer.c_custkey = orders.o_custkey)
                           ->  Parallel Seq Scan on customer  (cost=0.00..5225.62 rows=729 width=26) (actual time=0.034..41.149 rows=6249 loops=3)
                                 Filter: ((c_acctbal > $1) AND ("substring"((c_phone)::text, 1, 2) = ANY ('{30,17,25,10,22,15,21}'::text[])))
                                 Rows Removed by Filter: 43751
                           ->  Parallel Hash  (cost=32345.00..32345.00 rows=625000 width=4) (actual time=551.029..551.032 rows=500000 loops=3)
                                 Buckets: 131072  Batches: 32  Memory Usage: 2944kB
                                 ->  Parallel Seq Scan on orders  (cost=0.00..32345.00 rows=625000 width=4) (actual time=1.312..414.020 rows=500000 loops=3)
 Planning Time: 7.593 ms
 Execution Time: 899.966 ms
(32 rows)



You are now connected to database "tpch" as user "postgres".
                                                                         QUERY PLAN                                                                          
-------------------------------------------------------------------------------------------------------------------------------------------------------------
 Finalize GroupAggregate  (cost=57528.16..57629.09 rows=757 width=72) (actual time=998.363..1019.618 rows=7 loops=1)
   Group Key: ("substring"((customer.c_phone)::text, 1, 2))
   InitPlan 1 (returns $1)
     ->  Finalize Aggregate  (cost=6230.82..6230.84 rows=1 width=32) (actual time=144.597..144.796 rows=1 loops=1)
           ->  Gather  (cost=6230.60..6230.81 rows=2 width=32) (actual time=141.855..144.630 rows=3 loops=1)
                 Workers Planned: 2
                 Workers Launched: 2
                 ->  Partial Aggregate  (cost=5230.60..5230.61 rows=1 width=32) (actual time=131.197..131.198 rows=1 loops=3)
                       ->  Parallel Seq Scan on customer customer_1  (cost=0.00..5225.62 rows=1990 width=6) (actual time=0.171..127.749 rows=12559 loops=3)
                             Filter: ((c_acctbal > 0.00) AND ("substring"((c_phone)::text, 1, 2) = ANY ('{30,17,25,10,22,15,21}'::text[])))
                             Rows Removed by Filter: 37441
   ->  Gather Merge  (cost=51297.32..51378.70 rows=630 width=72) (actual time=998.182..1019.292 rows=21 loops=1)
         Workers Planned: 2
         Params Evaluated: $1
         Workers Launched: 2
         ->  Partial GroupAggregate  (cost=50297.30..50305.96 rows=315 width=72) (actual time=844.040..844.568 rows=7 loops=3)
               Group Key: ("substring"((customer.c_phone)::text, 1, 2))
               ->  Sort  (cost=50297.30..50298.09 rows=315 width=38) (actual time=843.942..844.076 rows=2094 loops=3)
                     Sort Key: ("substring"((customer.c_phone)::text, 1, 2))
                     Sort Method: quicksort  Memory: 122kB
                     Worker 0:  Sort Method: quicksort  Memory: 205kB
                     Worker 1:  Sort Method: quicksort  Memory: 209kB
                     ->  Parallel Hash Anti Join  (cost=42599.50..50284.23 rows=315 width=38) (actual time=718.959..842.008 rows=2094 loops=3)
                           Hash Cond: (customer.c_custkey = orders.o_custkey)
                           ->  Parallel Seq Scan on customer  (cost=0.00..5225.62 rows=729 width=26) (actual time=0.049..44.975 rows=6249 loops=3)
                                 Filter: ((c_acctbal > $1) AND ("substring"((c_phone)::text, 1, 2) = ANY ('{30,17,25,10,22,15,21}'::text[])))
                                 Rows Removed by Filter: 43751
                           ->  Parallel Hash  (cost=32345.00..32345.00 rows=625000 width=4) (actual time=643.224..643.225 rows=500000 loops=3)
                                 Buckets: 131072  Batches: 32  Memory Usage: 2944kB
                                 ->  Parallel Seq Scan on orders  (cost=0.00..32345.00 rows=625000 width=4) (actual time=0.600..480.944 rows=500000 loops=3)
 Planning Time: 16.881 ms
 Execution Time: 1020.925 ms
(32 rows)



You are now connected to database "tpch" as user "postgres".
                                                                         QUERY PLAN                                                                          
-------------------------------------------------------------------------------------------------------------------------------------------------------------
 Finalize GroupAggregate  (cost=57528.16..57629.09 rows=757 width=72) (actual time=873.930..896.653 rows=7 loops=1)
   Group Key: ("substring"((customer.c_phone)::text, 1, 2))
   InitPlan 1 (returns $1)
     ->  Finalize Aggregate  (cost=6230.82..6230.84 rows=1 width=32) (actual time=133.403..133.546 rows=1 loops=1)
           ->  Gather  (cost=6230.60..6230.81 rows=2 width=32) (actual time=129.752..133.454 rows=3 loops=1)
                 Workers Planned: 2
                 Workers Launched: 2
                 ->  Partial Aggregate  (cost=5230.60..5230.61 rows=1 width=32) (actual time=122.774..122.775 rows=1 loops=3)
                       ->  Parallel Seq Scan on customer customer_1  (cost=0.00..5225.62 rows=1990 width=6) (actual time=0.502..120.042 rows=12559 loops=3)
                             Filter: ((c_acctbal > 0.00) AND ("substring"((c_phone)::text, 1, 2) = ANY ('{30,17,25,10,22,15,21}'::text[])))
                             Rows Removed by Filter: 37441
   ->  Gather Merge  (cost=51297.32..51378.70 rows=630 width=72) (actual time=873.754..896.415 rows=21 loops=1)
         Workers Planned: 2
         Params Evaluated: $1
         Workers Launched: 2
         ->  Partial GroupAggregate  (cost=50297.30..50305.96 rows=315 width=72) (actual time=733.267..733.799 rows=7 loops=3)
               Group Key: ("substring"((customer.c_phone)::text, 1, 2))
               ->  Sort  (cost=50297.30..50298.09 rows=315 width=38) (actual time=733.157..733.293 rows=2094 loops=3)
                     Sort Key: ("substring"((customer.c_phone)::text, 1, 2))
                     Sort Method: quicksort  Memory: 200kB
                     Worker 0:  Sort Method: quicksort  Memory: 144kB
                     Worker 1:  Sort Method: quicksort  Memory: 144kB
                     ->  Parallel Hash Anti Join  (cost=42599.50..50284.23 rows=315 width=38) (actual time=639.757..732.278 rows=2094 loops=3)
                           Hash Cond: (customer.c_custkey = orders.o_custkey)
                           ->  Parallel Seq Scan on customer  (cost=0.00..5225.62 rows=729 width=26) (actual time=0.041..40.898 rows=6249 loops=3)
                                 Filter: ((c_acctbal > $1) AND ("substring"((c_phone)::text, 1, 2) = ANY ('{30,17,25,10,22,15,21}'::text[])))
                                 Rows Removed by Filter: 43751
                           ->  Parallel Hash  (cost=32345.00..32345.00 rows=625000 width=4) (actual time=576.334..576.336 rows=500000 loops=3)
                                 Buckets: 131072  Batches: 32  Memory Usage: 2944kB
                                 ->  Parallel Seq Scan on orders  (cost=0.00..32345.00 rows=625000 width=4) (actual time=0.201..439.563 rows=500000 loops=3)
 Planning Time: 13.993 ms
 Execution Time: 897.532 ms
(32 rows)



