You are now connected to database "tpch" as user "postgres".
                                                                                QUERY PLAN                                                                                
--------------------------------------------------------------------------------------------------------------------------------------------------------------------------
 Limit  (cost=38280.45..38280.47 rows=10 width=44) (actual time=641.357..644.965 rows=10 loops=1)
   ->  Sort  (cost=38280.45..38281.67 rows=488 width=44) (actual time=641.355..644.962 rows=10 loops=1)
         Sort Key: (sum((lineitem.l_extendedprice * ('1'::numeric - lineitem.l_discount)))) DESC, orders.o_orderdate
         Sort Method: top-N heapsort  Memory: 26kB
         ->  Finalize GroupAggregate  (cost=38205.78..38269.90 rows=488 width=44) (actual time=640.937..644.865 rows=113 loops=1)
               Group Key: lineitem.l_orderkey, orders.o_orderdate, orders.o_shippriority
               ->  Gather Merge  (cost=38205.78..38258.73 rows=406 width=44) (actual time=640.920..644.682 rows=113 loops=1)
                     Workers Planned: 2
                     Workers Launched: 2
                     ->  Partial GroupAggregate  (cost=37205.75..37211.84 rows=203 width=44) (actual time=630.268..630.401 rows=38 loops=3)
                           Group Key: lineitem.l_orderkey, orders.o_orderdate, orders.o_shippriority
                           ->  Sort  (cost=37205.75..37206.26 rows=203 width=24) (actual time=630.237..630.250 rows=146 loops=3)
                                 Sort Key: lineitem.l_orderkey, orders.o_orderdate, orders.o_shippriority
                                 Sort Method: quicksort  Memory: 35kB
                                 Worker 0:  Sort Method: quicksort  Memory: 38kB
                                 Worker 1:  Sort Method: quicksort  Memory: 34kB
                                 ->  Nested Loop  (cost=0.85..37197.97 rows=203 width=24) (actual time=8.957..629.937 rows=146 loops=3)
                                       ->  Nested Loop  (cost=0.42..35551.98 rows=51 width=12) (actual time=7.733..599.966 rows=38 loops=3)
                                             ->  Parallel Seq Scan on orders  (cost=0.00..33907.50 rows=256 width=16) (actual time=6.227..504.280 rows=207 loops=3)
                                                   Filter: (o_orderdate < '1992-01-02'::date)
                                                   Rows Removed by Filter: 499793
                                             ->  Index Scan using customer_pkey on customer  (cost=0.42..6.42 rows=1 width=4) (actual time=0.459..0.459 rows=0 loops=621)
                                                   Index Cond: (c_custkey = orders.o_custkey)
                                                   Filter: (c_mktsegment = 'AUTOMOBILE'::bpchar)
                                                   Rows Removed by Filter: 1
                                       ->  Index Scan using lineitem_pkey on lineitem  (cost=0.43..32.12 rows=15 width=16) (actual time=0.751..0.790 rows=4 loops=113)
                                             Index Cond: (l_orderkey = orders.o_orderkey)
                                             Filter: (l_shipdate > '1992-01-02'::date)
                                             Rows Removed by Filter: 0
 Planning Time: 23.279 ms
 Execution Time: 645.910 ms
(31 rows)



You are now connected to database "tpch" as user "postgres".
                                                                                QUERY PLAN                                                                                
--------------------------------------------------------------------------------------------------------------------------------------------------------------------------
 Limit  (cost=38280.45..38280.47 rows=10 width=44) (actual time=426.050..426.172 rows=10 loops=1)
   ->  Sort  (cost=38280.45..38281.67 rows=488 width=44) (actual time=426.048..426.168 rows=10 loops=1)
         Sort Key: (sum((lineitem.l_extendedprice * ('1'::numeric - lineitem.l_discount)))) DESC, orders.o_orderdate
         Sort Method: top-N heapsort  Memory: 26kB
         ->  Finalize GroupAggregate  (cost=38205.78..38269.90 rows=488 width=44) (actual time=425.622..426.074 rows=113 loops=1)
               Group Key: lineitem.l_orderkey, orders.o_orderdate, orders.o_shippriority
               ->  Gather Merge  (cost=38205.78..38258.73 rows=406 width=44) (actual time=425.606..425.912 rows=113 loops=1)
                     Workers Planned: 2
                     Workers Launched: 2
                     ->  Partial GroupAggregate  (cost=37205.75..37211.84 rows=203 width=44) (actual time=413.795..413.964 rows=38 loops=3)
                           Group Key: lineitem.l_orderkey, orders.o_orderdate, orders.o_shippriority
                           ->  Sort  (cost=37205.75..37206.26 rows=203 width=24) (actual time=413.763..413.776 rows=146 loops=3)
                                 Sort Key: lineitem.l_orderkey, orders.o_orderdate, orders.o_shippriority
                                 Sort Method: quicksort  Memory: 35kB
                                 Worker 0:  Sort Method: quicksort  Memory: 36kB
                                 Worker 1:  Sort Method: quicksort  Memory: 37kB
                                 ->  Nested Loop  (cost=0.85..37197.97 rows=203 width=24) (actual time=11.650..413.514 rows=146 loops=3)
                                       ->  Nested Loop  (cost=0.42..35551.98 rows=51 width=12) (actual time=11.098..390.407 rows=38 loops=3)
                                             ->  Parallel Seq Scan on orders  (cost=0.00..33907.50 rows=256 width=16) (actual time=5.599..320.894 rows=207 loops=3)
                                                   Filter: (o_orderdate < '1992-01-02'::date)
                                                   Rows Removed by Filter: 499793
                                             ->  Index Scan using customer_pkey on customer  (cost=0.42..6.42 rows=1 width=4) (actual time=0.333..0.333 rows=0 loops=621)
                                                   Index Cond: (c_custkey = orders.o_custkey)
                                                   Filter: (c_mktsegment = 'AUTOMOBILE'::bpchar)
                                                   Rows Removed by Filter: 1
                                       ->  Index Scan using lineitem_pkey on lineitem  (cost=0.43..32.12 rows=15 width=16) (actual time=0.586..0.609 rows=4 loops=113)
                                             Index Cond: (l_orderkey = orders.o_orderkey)
                                             Filter: (l_shipdate > '1992-01-02'::date)
                                             Rows Removed by Filter: 0
 Planning Time: 20.398 ms
 Execution Time: 426.969 ms
(31 rows)



You are now connected to database "tpch" as user "postgres".
                                                                                QUERY PLAN                                                                                
--------------------------------------------------------------------------------------------------------------------------------------------------------------------------
 Limit  (cost=38280.45..38280.47 rows=10 width=44) (actual time=495.827..499.156 rows=10 loops=1)
   ->  Sort  (cost=38280.45..38281.67 rows=488 width=44) (actual time=495.825..499.153 rows=10 loops=1)
         Sort Key: (sum((lineitem.l_extendedprice * ('1'::numeric - lineitem.l_discount)))) DESC, orders.o_orderdate
         Sort Method: top-N heapsort  Memory: 26kB
         ->  Finalize GroupAggregate  (cost=38205.78..38269.90 rows=488 width=44) (actual time=495.425..499.030 rows=113 loops=1)
               Group Key: lineitem.l_orderkey, orders.o_orderdate, orders.o_shippriority
               ->  Gather Merge  (cost=38205.78..38258.73 rows=406 width=44) (actual time=495.406..498.885 rows=113 loops=1)
                     Workers Planned: 2
                     Workers Launched: 2
                     ->  Partial GroupAggregate  (cost=37205.75..37211.84 rows=203 width=44) (actual time=483.502..483.633 rows=38 loops=3)
                           Group Key: lineitem.l_orderkey, orders.o_orderdate, orders.o_shippriority
                           ->  Sort  (cost=37205.75..37206.26 rows=203 width=24) (actual time=483.466..483.483 rows=146 loops=3)
                                 Sort Key: lineitem.l_orderkey, orders.o_orderdate, orders.o_shippriority
                                 Sort Method: quicksort  Memory: 36kB
                                 Worker 0:  Sort Method: quicksort  Memory: 35kB
                                 Worker 1:  Sort Method: quicksort  Memory: 37kB
                                 ->  Nested Loop  (cost=0.85..37197.97 rows=203 width=24) (actual time=21.549..483.172 rows=146 loops=3)
                                       ->  Nested Loop  (cost=0.42..35551.98 rows=51 width=12) (actual time=20.930..457.308 rows=38 loops=3)
                                             ->  Parallel Seq Scan on orders  (cost=0.00..33907.50 rows=256 width=16) (actual time=4.026..377.884 rows=207 loops=3)
                                                   Filter: (o_orderdate < '1992-01-02'::date)
                                                   Rows Removed by Filter: 499793
                                             ->  Index Scan using customer_pkey on customer  (cost=0.42..6.42 rows=1 width=4) (actual time=0.381..0.381 rows=0 loops=621)
                                                   Index Cond: (c_custkey = orders.o_custkey)
                                                   Filter: (c_mktsegment = 'AUTOMOBILE'::bpchar)
                                                   Rows Removed by Filter: 1
                                       ->  Index Scan using lineitem_pkey on lineitem  (cost=0.43..32.12 rows=15 width=16) (actual time=0.656..0.682 rows=4 loops=113)
                                             Index Cond: (l_orderkey = orders.o_orderkey)
                                             Filter: (l_shipdate > '1992-01-02'::date)
                                             Rows Removed by Filter: 0
 Planning Time: 21.732 ms
 Execution Time: 500.121 ms
(31 rows)



You are now connected to database "tpch" as user "postgres".
                                                                                QUERY PLAN                                                                                
--------------------------------------------------------------------------------------------------------------------------------------------------------------------------
 Limit  (cost=38280.45..38280.47 rows=10 width=44) (actual time=432.360..435.267 rows=10 loops=1)
   ->  Sort  (cost=38280.45..38281.67 rows=488 width=44) (actual time=432.359..435.264 rows=10 loops=1)
         Sort Key: (sum((lineitem.l_extendedprice * ('1'::numeric - lineitem.l_discount)))) DESC, orders.o_orderdate
         Sort Method: top-N heapsort  Memory: 26kB
         ->  Finalize GroupAggregate  (cost=38205.78..38269.90 rows=488 width=44) (actual time=431.888..435.163 rows=113 loops=1)
               Group Key: lineitem.l_orderkey, orders.o_orderdate, orders.o_shippriority
               ->  Gather Merge  (cost=38205.78..38258.73 rows=406 width=44) (actual time=431.871..434.956 rows=113 loops=1)
                     Workers Planned: 2
                     Workers Launched: 2
                     ->  Partial GroupAggregate  (cost=37205.75..37211.84 rows=203 width=44) (actual time=423.521..423.644 rows=38 loops=3)
                           Group Key: lineitem.l_orderkey, orders.o_orderdate, orders.o_shippriority
                           ->  Sort  (cost=37205.75..37206.26 rows=203 width=24) (actual time=423.501..423.512 rows=146 loops=3)
                                 Sort Key: lineitem.l_orderkey, orders.o_orderdate, orders.o_shippriority
                                 Sort Method: quicksort  Memory: 37kB
                                 Worker 0:  Sort Method: quicksort  Memory: 35kB
                                 Worker 1:  Sort Method: quicksort  Memory: 35kB
                                 ->  Nested Loop  (cost=0.85..37197.97 rows=203 width=24) (actual time=6.355..423.278 rows=146 loops=3)
                                       ->  Nested Loop  (cost=0.42..35551.98 rows=51 width=12) (actual time=5.861..398.556 rows=38 loops=3)
                                             ->  Parallel Seq Scan on orders  (cost=0.00..33907.50 rows=256 width=16) (actual time=4.199..323.346 rows=207 loops=3)
                                                   Filter: (o_orderdate < '1992-01-02'::date)
                                                   Rows Removed by Filter: 499793
                                             ->  Index Scan using customer_pkey on customer  (cost=0.42..6.42 rows=1 width=4) (actual time=0.360..0.360 rows=0 loops=621)
                                                   Index Cond: (c_custkey = orders.o_custkey)
                                                   Filter: (c_mktsegment = 'AUTOMOBILE'::bpchar)
                                                   Rows Removed by Filter: 1
                                       ->  Index Scan using lineitem_pkey on lineitem  (cost=0.43..32.12 rows=15 width=16) (actual time=0.631..0.652 rows=4 loops=113)
                                             Index Cond: (l_orderkey = orders.o_orderkey)
                                             Filter: (l_shipdate > '1992-01-02'::date)
                                             Rows Removed by Filter: 0
 Planning Time: 14.372 ms
 Execution Time: 435.820 ms
(31 rows)



You are now connected to database "tpch" as user "postgres".
                                                                                QUERY PLAN                                                                                
--------------------------------------------------------------------------------------------------------------------------------------------------------------------------
 Limit  (cost=38280.45..38280.47 rows=10 width=44) (actual time=473.863..478.845 rows=10 loops=1)
   ->  Sort  (cost=38280.45..38281.67 rows=488 width=44) (actual time=473.862..478.842 rows=10 loops=1)
         Sort Key: (sum((lineitem.l_extendedprice * ('1'::numeric - lineitem.l_discount)))) DESC, orders.o_orderdate
         Sort Method: top-N heapsort  Memory: 26kB
         ->  Finalize GroupAggregate  (cost=38205.78..38269.90 rows=488 width=44) (actual time=473.330..478.724 rows=113 loops=1)
               Group Key: lineitem.l_orderkey, orders.o_orderdate, orders.o_shippriority
               ->  Gather Merge  (cost=38205.78..38258.73 rows=406 width=44) (actual time=473.313..478.507 rows=113 loops=1)
                     Workers Planned: 2
                     Workers Launched: 2
                     ->  Partial GroupAggregate  (cost=37205.75..37211.84 rows=203 width=44) (actual time=464.890..465.013 rows=38 loops=3)
                           Group Key: lineitem.l_orderkey, orders.o_orderdate, orders.o_shippriority
                           ->  Sort  (cost=37205.75..37206.26 rows=203 width=24) (actual time=464.860..464.872 rows=146 loops=3)
                                 Sort Key: lineitem.l_orderkey, orders.o_orderdate, orders.o_shippriority
                                 Sort Method: quicksort  Memory: 41kB
                                 Worker 0:  Sort Method: quicksort  Memory: 32kB
                                 Worker 1:  Sort Method: quicksort  Memory: 35kB
                                 ->  Nested Loop  (cost=0.85..37197.97 rows=203 width=24) (actual time=10.028..464.572 rows=146 loops=3)
                                       ->  Nested Loop  (cost=0.42..35551.98 rows=51 width=12) (actual time=9.343..439.850 rows=38 loops=3)
                                             ->  Parallel Seq Scan on orders  (cost=0.00..33907.50 rows=256 width=16) (actual time=3.572..359.067 rows=207 loops=3)
                                                   Filter: (o_orderdate < '1992-01-02'::date)
                                                   Rows Removed by Filter: 499793
                                             ->  Index Scan using customer_pkey on customer  (cost=0.42..6.42 rows=1 width=4) (actual time=0.387..0.387 rows=0 loops=621)
                                                   Index Cond: (c_custkey = orders.o_custkey)
                                                   Filter: (c_mktsegment = 'AUTOMOBILE'::bpchar)
                                                   Rows Removed by Filter: 1
                                       ->  Index Scan using lineitem_pkey on lineitem  (cost=0.43..32.12 rows=15 width=16) (actual time=0.629..0.652 rows=4 loops=113)
                                             Index Cond: (l_orderkey = orders.o_orderkey)
                                             Filter: (l_shipdate > '1992-01-02'::date)
                                             Rows Removed by Filter: 0
 Planning Time: 16.055 ms
 Execution Time: 479.598 ms
(31 rows)



