You are now connected to database "tpch" as user "postgres".
                                                                                QUERY PLAN                                                                                
--------------------------------------------------------------------------------------------------------------------------------------------------------------------------
 Limit  (cost=38280.45..38280.47 rows=10 width=44) (actual time=549.652..553.402 rows=10 loops=1)
   ->  Sort  (cost=38280.45..38281.67 rows=488 width=44) (actual time=549.651..553.399 rows=10 loops=1)
         Sort Key: (sum((lineitem.l_extendedprice * ('1'::numeric - lineitem.l_discount)))) DESC, orders.o_orderdate
         Sort Method: top-N heapsort  Memory: 26kB
         ->  Finalize GroupAggregate  (cost=38205.78..38269.90 rows=488 width=44) (actual time=549.171..553.295 rows=113 loops=1)
               Group Key: lineitem.l_orderkey, orders.o_orderdate, orders.o_shippriority
               ->  Gather Merge  (cost=38205.78..38258.73 rows=406 width=44) (actual time=549.152..553.066 rows=113 loops=1)
                     Workers Planned: 2
                     Workers Launched: 2
                     ->  Partial GroupAggregate  (cost=37205.75..37211.84 rows=203 width=44) (actual time=537.143..537.266 rows=38 loops=3)
                           Group Key: lineitem.l_orderkey, orders.o_orderdate, orders.o_shippriority
                           ->  Sort  (cost=37205.75..37206.26 rows=203 width=24) (actual time=537.114..537.126 rows=146 loops=3)
                                 Sort Key: lineitem.l_orderkey, orders.o_orderdate, orders.o_shippriority
                                 Sort Method: quicksort  Memory: 36kB
                                 Worker 0:  Sort Method: quicksort  Memory: 38kB
                                 Worker 1:  Sort Method: quicksort  Memory: 34kB
                                 ->  Nested Loop  (cost=0.85..37197.97 rows=203 width=24) (actual time=12.365..536.775 rows=146 loops=3)
                                       ->  Nested Loop  (cost=0.42..35551.98 rows=51 width=12) (actual time=11.487..511.164 rows=38 loops=3)
                                             ->  Parallel Seq Scan on orders  (cost=0.00..33907.50 rows=256 width=16) (actual time=5.499..416.989 rows=207 loops=3)
                                                   Filter: (o_orderdate < '1992-01-02'::date)
                                                   Rows Removed by Filter: 499793
                                             ->  Index Scan using customer_pkey on customer  (cost=0.42..6.42 rows=1 width=4) (actual time=0.452..0.452 rows=0 loops=621)
                                                   Index Cond: (c_custkey = orders.o_custkey)
                                                   Filter: (c_mktsegment = 'AUTOMOBILE'::bpchar)
                                                   Rows Removed by Filter: 1
                                       ->  Index Scan using lineitem_pkey on lineitem  (cost=0.43..32.12 rows=15 width=16) (actual time=0.645..0.675 rows=4 loops=113)
                                             Index Cond: (l_orderkey = orders.o_orderkey)
                                             Filter: (l_shipdate > '1992-01-02'::date)
                                             Rows Removed by Filter: 0
 Planning Time: 23.420 ms
 Execution Time: 554.372 ms
(31 rows)



You are now connected to database "tpch" as user "postgres".
                                                                                QUERY PLAN                                                                                
--------------------------------------------------------------------------------------------------------------------------------------------------------------------------
 Limit  (cost=38280.45..38280.47 rows=10 width=44) (actual time=500.783..501.110 rows=10 loops=1)
   ->  Sort  (cost=38280.45..38281.67 rows=488 width=44) (actual time=500.781..501.107 rows=10 loops=1)
         Sort Key: (sum((lineitem.l_extendedprice * ('1'::numeric - lineitem.l_discount)))) DESC, orders.o_orderdate
         Sort Method: top-N heapsort  Memory: 26kB
         ->  Finalize GroupAggregate  (cost=38205.78..38269.90 rows=488 width=44) (actual time=500.341..500.959 rows=113 loops=1)
               Group Key: lineitem.l_orderkey, orders.o_orderdate, orders.o_shippriority
               ->  Gather Merge  (cost=38205.78..38258.73 rows=406 width=44) (actual time=500.324..500.812 rows=113 loops=1)
                     Workers Planned: 2
                     Workers Launched: 2
                     ->  Partial GroupAggregate  (cost=37205.75..37211.84 rows=203 width=44) (actual time=486.894..487.020 rows=38 loops=3)
                           Group Key: lineitem.l_orderkey, orders.o_orderdate, orders.o_shippriority
                           ->  Sort  (cost=37205.75..37206.26 rows=203 width=24) (actual time=486.860..486.871 rows=146 loops=3)
                                 Sort Key: lineitem.l_orderkey, orders.o_orderdate, orders.o_shippriority
                                 Sort Method: quicksort  Memory: 37kB
                                 Worker 0:  Sort Method: quicksort  Memory: 37kB
                                 Worker 1:  Sort Method: quicksort  Memory: 33kB
                                 ->  Nested Loop  (cost=0.85..37197.97 rows=203 width=24) (actual time=9.614..486.472 rows=146 loops=3)
                                       ->  Nested Loop  (cost=0.42..35551.98 rows=51 width=12) (actual time=8.746..460.994 rows=38 loops=3)
                                             ->  Parallel Seq Scan on orders  (cost=0.00..33907.50 rows=256 width=16) (actual time=1.803..373.621 rows=207 loops=3)
                                                   Filter: (o_orderdate < '1992-01-02'::date)
                                                   Rows Removed by Filter: 499793
                                             ->  Index Scan using customer_pkey on customer  (cost=0.42..6.42 rows=1 width=4) (actual time=0.419..0.419 rows=0 loops=621)
                                                   Index Cond: (c_custkey = orders.o_custkey)
                                                   Filter: (c_mktsegment = 'AUTOMOBILE'::bpchar)
                                                   Rows Removed by Filter: 1
                                       ->  Index Scan using lineitem_pkey on lineitem  (cost=0.43..32.12 rows=15 width=16) (actual time=0.645..0.672 rows=4 loops=113)
                                             Index Cond: (l_orderkey = orders.o_orderkey)
                                             Filter: (l_shipdate > '1992-01-02'::date)
                                             Rows Removed by Filter: 0
 Planning Time: 19.331 ms
 Execution Time: 502.212 ms
(31 rows)



You are now connected to database "tpch" as user "postgres".
                                                                                QUERY PLAN                                                                                
--------------------------------------------------------------------------------------------------------------------------------------------------------------------------
 Limit  (cost=38280.45..38280.47 rows=10 width=44) (actual time=379.619..381.580 rows=10 loops=1)
   ->  Sort  (cost=38280.45..38281.67 rows=488 width=44) (actual time=379.618..381.576 rows=10 loops=1)
         Sort Key: (sum((lineitem.l_extendedprice * ('1'::numeric - lineitem.l_discount)))) DESC, orders.o_orderdate
         Sort Method: top-N heapsort  Memory: 26kB
         ->  Finalize GroupAggregate  (cost=38205.78..38269.90 rows=488 width=44) (actual time=379.072..381.468 rows=113 loops=1)
               Group Key: lineitem.l_orderkey, orders.o_orderdate, orders.o_shippriority
               ->  Gather Merge  (cost=38205.78..38258.73 rows=406 width=44) (actual time=379.045..381.279 rows=113 loops=1)
                     Workers Planned: 2
                     Workers Launched: 2
                     ->  Partial GroupAggregate  (cost=37205.75..37211.84 rows=203 width=44) (actual time=368.606..368.734 rows=38 loops=3)
                           Group Key: lineitem.l_orderkey, orders.o_orderdate, orders.o_shippriority
                           ->  Sort  (cost=37205.75..37206.26 rows=203 width=24) (actual time=368.571..368.584 rows=146 loops=3)
                                 Sort Key: lineitem.l_orderkey, orders.o_orderdate, orders.o_shippriority
                                 Sort Method: quicksort  Memory: 38kB
                                 Worker 0:  Sort Method: quicksort  Memory: 37kB
                                 Worker 1:  Sort Method: quicksort  Memory: 33kB
                                 ->  Nested Loop  (cost=0.85..37197.97 rows=203 width=24) (actual time=8.446..368.314 rows=146 loops=3)
                                       ->  Nested Loop  (cost=0.42..35551.98 rows=51 width=12) (actual time=8.050..347.149 rows=38 loops=3)
                                             ->  Parallel Seq Scan on orders  (cost=0.00..33907.50 rows=256 width=16) (actual time=3.657..278.639 rows=207 loops=3)
                                                   Filter: (o_orderdate < '1992-01-02'::date)
                                                   Rows Removed by Filter: 499793
                                             ->  Index Scan using customer_pkey on customer  (cost=0.42..6.42 rows=1 width=4) (actual time=0.328..0.328 rows=0 loops=621)
                                                   Index Cond: (c_custkey = orders.o_custkey)
                                                   Filter: (c_mktsegment = 'AUTOMOBILE'::bpchar)
                                                   Rows Removed by Filter: 1
                                       ->  Index Scan using lineitem_pkey on lineitem  (cost=0.43..32.12 rows=15 width=16) (actual time=0.538..0.557 rows=4 loops=113)
                                             Index Cond: (l_orderkey = orders.o_orderkey)
                                             Filter: (l_shipdate > '1992-01-02'::date)
                                             Rows Removed by Filter: 0
 Planning Time: 20.202 ms
 Execution Time: 382.382 ms
(31 rows)



You are now connected to database "tpch" as user "postgres".
                                                                                QUERY PLAN                                                                                
--------------------------------------------------------------------------------------------------------------------------------------------------------------------------
 Limit  (cost=38280.45..38280.47 rows=10 width=44) (actual time=497.629..499.888 rows=10 loops=1)
   ->  Sort  (cost=38280.45..38281.67 rows=488 width=44) (actual time=497.628..499.885 rows=10 loops=1)
         Sort Key: (sum((lineitem.l_extendedprice * ('1'::numeric - lineitem.l_discount)))) DESC, orders.o_orderdate
         Sort Method: top-N heapsort  Memory: 26kB
         ->  Finalize GroupAggregate  (cost=38205.78..38269.90 rows=488 width=44) (actual time=497.215..499.768 rows=113 loops=1)
               Group Key: lineitem.l_orderkey, orders.o_orderdate, orders.o_shippriority
               ->  Gather Merge  (cost=38205.78..38258.73 rows=406 width=44) (actual time=497.195..499.621 rows=113 loops=1)
                     Workers Planned: 2
                     Workers Launched: 2
                     ->  Partial GroupAggregate  (cost=37205.75..37211.84 rows=203 width=44) (actual time=484.716..484.842 rows=38 loops=3)
                           Group Key: lineitem.l_orderkey, orders.o_orderdate, orders.o_shippriority
                           ->  Sort  (cost=37205.75..37206.26 rows=203 width=24) (actual time=484.680..484.693 rows=146 loops=3)
                                 Sort Key: lineitem.l_orderkey, orders.o_orderdate, orders.o_shippriority
                                 Sort Method: quicksort  Memory: 36kB
                                 Worker 0:  Sort Method: quicksort  Memory: 37kB
                                 Worker 1:  Sort Method: quicksort  Memory: 36kB
                                 ->  Nested Loop  (cost=0.85..37197.97 rows=203 width=24) (actual time=14.484..484.368 rows=146 loops=3)
                                       ->  Nested Loop  (cost=0.42..35551.98 rows=51 width=12) (actual time=13.786..458.566 rows=38 loops=3)
                                             ->  Parallel Seq Scan on orders  (cost=0.00..33907.50 rows=256 width=16) (actual time=7.322..377.173 rows=207 loops=3)
                                                   Filter: (o_orderdate < '1992-01-02'::date)
                                                   Rows Removed by Filter: 499793
                                             ->  Index Scan using customer_pkey on customer  (cost=0.42..6.42 rows=1 width=4) (actual time=0.390..0.390 rows=0 loops=621)
                                                   Index Cond: (c_custkey = orders.o_custkey)
                                                   Filter: (c_mktsegment = 'AUTOMOBILE'::bpchar)
                                                   Rows Removed by Filter: 1
                                       ->  Index Scan using lineitem_pkey on lineitem  (cost=0.43..32.12 rows=15 width=16) (actual time=0.655..0.679 rows=4 loops=113)
                                             Index Cond: (l_orderkey = orders.o_orderkey)
                                             Filter: (l_shipdate > '1992-01-02'::date)
                                             Rows Removed by Filter: 0
 Planning Time: 18.422 ms
 Execution Time: 500.872 ms
(31 rows)



You are now connected to database "tpch" as user "postgres".
                                                                                QUERY PLAN                                                                                
--------------------------------------------------------------------------------------------------------------------------------------------------------------------------
 Limit  (cost=38280.45..38280.47 rows=10 width=44) (actual time=373.517..376.447 rows=10 loops=1)
   ->  Sort  (cost=38280.45..38281.67 rows=488 width=44) (actual time=373.515..376.444 rows=10 loops=1)
         Sort Key: (sum((lineitem.l_extendedprice * ('1'::numeric - lineitem.l_discount)))) DESC, orders.o_orderdate
         Sort Method: top-N heapsort  Memory: 26kB
         ->  Finalize GroupAggregate  (cost=38205.78..38269.90 rows=488 width=44) (actual time=373.067..376.345 rows=113 loops=1)
               Group Key: lineitem.l_orderkey, orders.o_orderdate, orders.o_shippriority
               ->  Gather Merge  (cost=38205.78..38258.73 rows=406 width=44) (actual time=373.039..376.173 rows=113 loops=1)
                     Workers Planned: 2
                     Workers Launched: 2
                     ->  Partial GroupAggregate  (cost=37205.75..37211.84 rows=203 width=44) (actual time=364.901..365.036 rows=38 loops=3)
                           Group Key: lineitem.l_orderkey, orders.o_orderdate, orders.o_shippriority
                           ->  Sort  (cost=37205.75..37206.26 rows=203 width=24) (actual time=364.877..364.890 rows=146 loops=3)
                                 Sort Key: lineitem.l_orderkey, orders.o_orderdate, orders.o_shippriority
                                 Sort Method: quicksort  Memory: 35kB
                                 Worker 0:  Sort Method: quicksort  Memory: 38kB
                                 Worker 1:  Sort Method: quicksort  Memory: 35kB
                                 ->  Nested Loop  (cost=0.85..37197.97 rows=203 width=24) (actual time=26.480..364.650 rows=146 loops=3)
                                       ->  Nested Loop  (cost=0.42..35551.98 rows=51 width=12) (actual time=26.016..344.436 rows=38 loops=3)
                                             ->  Parallel Seq Scan on orders  (cost=0.00..33907.50 rows=256 width=16) (actual time=6.683..280.199 rows=207 loops=3)
                                                   Filter: (o_orderdate < '1992-01-02'::date)
                                                   Rows Removed by Filter: 499793
                                             ->  Index Scan using customer_pkey on customer  (cost=0.42..6.42 rows=1 width=4) (actual time=0.307..0.307 rows=0 loops=621)
                                                   Index Cond: (c_custkey = orders.o_custkey)
                                                   Filter: (c_mktsegment = 'AUTOMOBILE'::bpchar)
                                                   Rows Removed by Filter: 1
                                       ->  Index Scan using lineitem_pkey on lineitem  (cost=0.43..32.12 rows=15 width=16) (actual time=0.509..0.532 rows=4 loops=113)
                                             Index Cond: (l_orderkey = orders.o_orderkey)
                                             Filter: (l_shipdate > '1992-01-02'::date)
                                             Rows Removed by Filter: 0
 Planning Time: 11.682 ms
 Execution Time: 377.010 ms
(31 rows)



