You are now connected to database "tpch" as user "postgres".
                                                                        QUERY PLAN                                                                        
----------------------------------------------------------------------------------------------------------------------------------------------------------
 Finalize GroupAggregate  (cost=84464.57..84512.62 rows=5 width=24) (actual time=14876.929..14890.716 rows=5 loops=1)
   Group Key: orders.o_orderpriority
   ->  Gather Merge  (cost=84464.57..84512.52 rows=10 width=24) (actual time=14876.201..14890.687 rows=15 loops=1)
         Workers Planned: 2
         Workers Launched: 2
         ->  Partial GroupAggregate  (cost=83464.55..83511.34 rows=5 width=24) (actual time=14862.253..14867.836 rows=5 loops=3)
               Group Key: orders.o_orderpriority
               ->  Sort  (cost=83464.55..83480.13 rows=6233 width=16) (actual time=14861.285..14864.896 rows=17334 loops=3)
                     Sort Key: orders.o_orderpriority
                     Sort Method: quicksort  Memory: 1580kB
                     Worker 0:  Sort Method: quicksort  Memory: 1584kB
                     Worker 1:  Sort Method: quicksort  Memory: 1578kB
                     ->  Nested Loop Semi Join  (cost=0.43..83071.69 rows=6233 width=16) (actual time=0.968..14823.506 rows=17334 loops=3)
                           ->  Parallel Seq Scan on orders  (cost=0.00..35470.00 rows=23705 width=20) (actual time=0.058..451.209 rows=18914 loops=3)
                                 Filter: ((o_orderdate >= '1992-01-01'::date) AND (o_orderdate < '1992-04-01 00:00:00'::timestamp without time zone))
                                 Rows Removed by Filter: 481086
                           ->  Index Scan using lineitem_pkey on lineitem  (cost=0.43..7.15 rows=5 width=4) (actual time=0.757..0.757 rows=1 loops=56741)
                                 Index Cond: (l_orderkey = orders.o_orderkey)
                                 Filter: (l_commitdate < l_receiptdate)
                                 Rows Removed by Filter: 1
 Planning Time: 19.341 ms
 Execution Time: 14891.722 ms
(22 rows)



You are now connected to database "tpch" as user "postgres".
                                                                        QUERY PLAN                                                                        
----------------------------------------------------------------------------------------------------------------------------------------------------------
 Finalize GroupAggregate  (cost=84464.57..84512.62 rows=5 width=24) (actual time=3279.275..3291.016 rows=5 loops=1)
   Group Key: orders.o_orderpriority
   ->  Gather Merge  (cost=84464.57..84512.52 rows=10 width=24) (actual time=3278.516..3290.990 rows=15 loops=1)
         Workers Planned: 2
         Workers Launched: 2
         ->  Partial GroupAggregate  (cost=83464.55..83511.34 rows=5 width=24) (actual time=3263.463..3266.240 rows=5 loops=3)
               Group Key: orders.o_orderpriority
               ->  Sort  (cost=83464.55..83480.13 rows=6233 width=16) (actual time=3262.771..3263.873 rows=17334 loops=3)
                     Sort Key: orders.o_orderpriority
                     Sort Method: quicksort  Memory: 1602kB
                     Worker 0:  Sort Method: quicksort  Memory: 1594kB
                     Worker 1:  Sort Method: quicksort  Memory: 1548kB
                     ->  Nested Loop Semi Join  (cost=0.43..83071.69 rows=6233 width=16) (actual time=0.936..3236.256 rows=17334 loops=3)
                           ->  Parallel Seq Scan on orders  (cost=0.00..35470.00 rows=23705 width=20) (actual time=0.065..278.480 rows=18914 loops=3)
                                 Filter: ((o_orderdate >= '1992-01-01'::date) AND (o_orderdate < '1992-04-01 00:00:00'::timestamp without time zone))
                                 Rows Removed by Filter: 481086
                           ->  Index Scan using lineitem_pkey on lineitem  (cost=0.43..7.15 rows=5 width=4) (actual time=0.154..0.154 rows=1 loops=56741)
                                 Index Cond: (l_orderkey = orders.o_orderkey)
                                 Filter: (l_commitdate < l_receiptdate)
                                 Rows Removed by Filter: 1
 Planning Time: 18.052 ms
 Execution Time: 3292.147 ms
(22 rows)



You are now connected to database "tpch" as user "postgres".
                                                                        QUERY PLAN                                                                        
----------------------------------------------------------------------------------------------------------------------------------------------------------
 Finalize GroupAggregate  (cost=84464.57..84512.62 rows=5 width=24) (actual time=2780.048..2791.725 rows=5 loops=1)
   Group Key: orders.o_orderpriority
   ->  Gather Merge  (cost=84464.57..84512.52 rows=10 width=24) (actual time=2779.379..2791.711 rows=15 loops=1)
         Workers Planned: 2
         Workers Launched: 2
         ->  Partial GroupAggregate  (cost=83464.55..83511.34 rows=5 width=24) (actual time=2764.906..2767.629 rows=5 loops=3)
               Group Key: orders.o_orderpriority
               ->  Sort  (cost=83464.55..83480.13 rows=6233 width=16) (actual time=2764.220..2765.314 rows=17334 loops=3)
                     Sort Key: orders.o_orderpriority
                     Sort Method: quicksort  Memory: 1579kB
                     Worker 0:  Sort Method: quicksort  Memory: 1575kB
                     Worker 1:  Sort Method: quicksort  Memory: 1590kB
                     ->  Nested Loop Semi Join  (cost=0.43..83071.69 rows=6233 width=16) (actual time=1.782..2740.119 rows=17334 loops=3)
                           ->  Parallel Seq Scan on orders  (cost=0.00..35470.00 rows=23705 width=20) (actual time=0.831..255.831 rows=18914 loops=3)
                                 Filter: ((o_orderdate >= '1992-01-01'::date) AND (o_orderdate < '1992-04-01 00:00:00'::timestamp without time zone))
                                 Rows Removed by Filter: 481086
                           ->  Index Scan using lineitem_pkey on lineitem  (cost=0.43..7.15 rows=5 width=4) (actual time=0.129..0.129 rows=1 loops=56741)
                                 Index Cond: (l_orderkey = orders.o_orderkey)
                                 Filter: (l_commitdate < l_receiptdate)
                                 Rows Removed by Filter: 1
 Planning Time: 20.039 ms
 Execution Time: 2792.907 ms
(22 rows)



You are now connected to database "tpch" as user "postgres".
                                                                        QUERY PLAN                                                                        
----------------------------------------------------------------------------------------------------------------------------------------------------------
 Finalize GroupAggregate  (cost=84464.57..84512.62 rows=5 width=24) (actual time=2581.203..2588.072 rows=5 loops=1)
   Group Key: orders.o_orderpriority
   ->  Gather Merge  (cost=84464.57..84512.52 rows=10 width=24) (actual time=2580.447..2588.048 rows=15 loops=1)
         Workers Planned: 2
         Workers Launched: 2
         ->  Partial GroupAggregate  (cost=83464.55..83511.34 rows=5 width=24) (actual time=2564.835..2567.588 rows=5 loops=3)
               Group Key: orders.o_orderpriority
               ->  Sort  (cost=83464.55..83480.13 rows=6233 width=16) (actual time=2564.148..2565.250 rows=17334 loops=3)
                     Sort Key: orders.o_orderpriority
                     Sort Method: quicksort  Memory: 1570kB
                     Worker 0:  Sort Method: quicksort  Memory: 1592kB
                     Worker 1:  Sort Method: quicksort  Memory: 1581kB
                     ->  Nested Loop Semi Join  (cost=0.43..83071.69 rows=6233 width=16) (actual time=0.287..2539.406 rows=17334 loops=3)
                           ->  Parallel Seq Scan on orders  (cost=0.00..35470.00 rows=23705 width=20) (actual time=0.034..236.703 rows=18914 loops=3)
                                 Filter: ((o_orderdate >= '1992-01-01'::date) AND (o_orderdate < '1992-04-01 00:00:00'::timestamp without time zone))
                                 Rows Removed by Filter: 481086
                           ->  Index Scan using lineitem_pkey on lineitem  (cost=0.43..7.15 rows=5 width=4) (actual time=0.119..0.119 rows=1 loops=56741)
                                 Index Cond: (l_orderkey = orders.o_orderkey)
                                 Filter: (l_commitdate < l_receiptdate)
                                 Rows Removed by Filter: 1
 Planning Time: 15.892 ms
 Execution Time: 2588.796 ms
(22 rows)



You are now connected to database "tpch" as user "postgres".
                                                                        QUERY PLAN                                                                        
----------------------------------------------------------------------------------------------------------------------------------------------------------
 Finalize GroupAggregate  (cost=84464.57..84512.62 rows=5 width=24) (actual time=3024.544..3037.597 rows=5 loops=1)
   Group Key: orders.o_orderpriority
   ->  Gather Merge  (cost=84464.57..84512.52 rows=10 width=24) (actual time=3023.708..3037.578 rows=15 loops=1)
         Workers Planned: 2
         Workers Launched: 2
         ->  Partial GroupAggregate  (cost=83464.55..83511.34 rows=5 width=24) (actual time=3009.511..3012.365 rows=5 loops=3)
               Group Key: orders.o_orderpriority
               ->  Sort  (cost=83464.55..83480.13 rows=6233 width=16) (actual time=3008.820..3009.966 rows=17334 loops=3)
                     Sort Key: orders.o_orderpriority
                     Sort Method: quicksort  Memory: 1586kB
                     Worker 0:  Sort Method: quicksort  Memory: 1585kB
                     Worker 1:  Sort Method: quicksort  Memory: 1573kB
                     ->  Nested Loop Semi Join  (cost=0.43..83071.69 rows=6233 width=16) (actual time=1.358..2982.532 rows=17334 loops=3)
                           ->  Parallel Seq Scan on orders  (cost=0.00..35470.00 rows=23705 width=20) (actual time=1.115..287.612 rows=18914 loops=3)
                                 Filter: ((o_orderdate >= '1992-01-01'::date) AND (o_orderdate < '1992-04-01 00:00:00'::timestamp without time zone))
                                 Rows Removed by Filter: 481086
                           ->  Index Scan using lineitem_pkey on lineitem  (cost=0.43..7.15 rows=5 width=4) (actual time=0.140..0.140 rows=1 loops=56741)
                                 Index Cond: (l_orderkey = orders.o_orderkey)
                                 Filter: (l_commitdate < l_receiptdate)
                                 Rows Removed by Filter: 1
 Planning Time: 18.557 ms
 Execution Time: 3038.540 ms
(22 rows)



